                                 Started job on |	Feb 16 17:48:23
                             Started mapping on |	Feb 16 17:49:27
                                    Finished on |	Feb 16 17:52:26
       Mapping speed, Million of reads per hour |	376.88

                          Number of input reads |	18739250
                      Average input read length |	199
                                    UNIQUE READS:
                   Uniquely mapped reads number |	17853808
                        Uniquely mapped reads % |	95.27%
                          Average mapped length |	198.81
                       Number of splices: Total |	5248926
            Number of splices: Annotated (sjdb) |	5175675
                       Number of splices: GT/AG |	5196386
                       Number of splices: GC/AG |	36617
                       Number of splices: AT/AC |	4028
               Number of splices: Non-canonical |	11895
                      Mismatch rate per base, % |	0.20%
                         Deletion rate per base |	0.01%
                        Deletion average length |	1.75
                        Insertion rate per base |	0.01%
                       Insertion average length |	1.43
                             MULTI-MAPPING READS:
        Number of reads mapped to multiple loci |	712911
             % of reads mapped to multiple loci |	3.80%
        Number of reads mapped to too many loci |	20001
             % of reads mapped to too many loci |	0.11%
                                  UNMAPPED READS:
  Number of reads unmapped: too many mismatches |	0
       % of reads unmapped: too many mismatches |	0.00%
            Number of reads unmapped: too short |	130566
                 % of reads unmapped: too short |	0.70%
                Number of reads unmapped: other |	21964
                     % of reads unmapped: other |	0.12%
                                  CHIMERIC READS:
                       Number of chimeric reads |	0
                            % of chimeric reads |	0.00%
