                                 Started job on |	Feb 16 18:01:18
                             Started mapping on |	Feb 16 18:03:41
                                    Finished on |	Feb 16 18:17:42
       Mapping speed, Million of reads per hour |	144.69

                          Number of input reads |	33801251
                      Average input read length |	198
                                    UNIQUE READS:
                   Uniquely mapped reads number |	8531352
                        Uniquely mapped reads % |	25.24%
                          Average mapped length |	198.02
                       Number of splices: Total |	2561399
            Number of splices: Annotated (sjdb) |	2525694
                       Number of splices: GT/AG |	2534801
                       Number of splices: GC/AG |	8562
                       Number of splices: AT/AC |	967
               Number of splices: Non-canonical |	17069
                      Mismatch rate per base, % |	0.29%
                         Deletion rate per base |	0.04%
                        Deletion average length |	1.17
                        Insertion rate per base |	0.01%
                       Insertion average length |	1.28
                             MULTI-MAPPING READS:
        Number of reads mapped to multiple loci |	24936619
             % of reads mapped to multiple loci |	73.77%
        Number of reads mapped to too many loci |	126229
             % of reads mapped to too many loci |	0.37%
                                  UNMAPPED READS:
  Number of reads unmapped: too many mismatches |	0
       % of reads unmapped: too many mismatches |	0.00%
            Number of reads unmapped: too short |	200785
                 % of reads unmapped: too short |	0.59%
                Number of reads unmapped: other |	6266
                     % of reads unmapped: other |	0.02%
                                  CHIMERIC READS:
                       Number of chimeric reads |	0
                            % of chimeric reads |	0.00%
