                                 Started job on |	Feb 16 16:44:52
                             Started mapping on |	Feb 16 16:45:40
                                    Finished on |	Feb 16 16:51:36
       Mapping speed, Million of reads per hour |	198.88

                          Number of input reads |	19667419
                      Average input read length |	198
                                    UNIQUE READS:
                   Uniquely mapped reads number |	17111082
                        Uniquely mapped reads % |	87.00%
                          Average mapped length |	198.33
                       Number of splices: Total |	3817677
            Number of splices: Annotated (sjdb) |	3729163
                       Number of splices: GT/AG |	3754246
                       Number of splices: GC/AG |	27826
                       Number of splices: AT/AC |	3124
               Number of splices: Non-canonical |	32481
                      Mismatch rate per base, % |	0.22%
                         Deletion rate per base |	0.01%
                        Deletion average length |	1.91
                        Insertion rate per base |	0.01%
                       Insertion average length |	1.48
                             MULTI-MAPPING READS:
        Number of reads mapped to multiple loci |	1984650
             % of reads mapped to multiple loci |	10.09%
        Number of reads mapped to too many loci |	54955
             % of reads mapped to too many loci |	0.28%
                                  UNMAPPED READS:
  Number of reads unmapped: too many mismatches |	0
       % of reads unmapped: too many mismatches |	0.00%
            Number of reads unmapped: too short |	434407
                 % of reads unmapped: too short |	2.21%
                Number of reads unmapped: other |	82325
                     % of reads unmapped: other |	0.42%
                                  CHIMERIC READS:
                       Number of chimeric reads |	0
                            % of chimeric reads |	0.00%
