                                 Started job on |	Feb 16 16:11:39
                             Started mapping on |	Feb 16 16:12:45
                                    Finished on |	Feb 16 16:19:31
       Mapping speed, Million of reads per hour |	222.23

                          Number of input reads |	25062767
                      Average input read length |	199
                                    UNIQUE READS:
                   Uniquely mapped reads number |	22580984
                        Uniquely mapped reads % |	90.10%
                          Average mapped length |	198.74
                       Number of splices: Total |	4450971
            Number of splices: Annotated (sjdb) |	4356701
                       Number of splices: GT/AG |	4387610
                       Number of splices: GC/AG |	33259
                       Number of splices: AT/AC |	3569
               Number of splices: Non-canonical |	26533
                      Mismatch rate per base, % |	0.22%
                         Deletion rate per base |	0.01%
                        Deletion average length |	1.83
                        Insertion rate per base |	0.01%
                       Insertion average length |	1.44
                             MULTI-MAPPING READS:
        Number of reads mapped to multiple loci |	2035998
             % of reads mapped to multiple loci |	8.12%
        Number of reads mapped to too many loci |	46583
             % of reads mapped to too many loci |	0.19%
                                  UNMAPPED READS:
  Number of reads unmapped: too many mismatches |	0
       % of reads unmapped: too many mismatches |	0.00%
            Number of reads unmapped: too short |	334934
                 % of reads unmapped: too short |	1.34%
                Number of reads unmapped: other |	64268
                     % of reads unmapped: other |	0.26%
                                  CHIMERIC READS:
                       Number of chimeric reads |	0
                            % of chimeric reads |	0.00%
