                                 Started job on |	Feb 16 18:17:52
                             Started mapping on |	Feb 16 18:19:17
                                    Finished on |	Feb 16 18:23:59
       Mapping speed, Million of reads per hour |	269.42

                          Number of input reads |	21104242
                      Average input read length |	198
                                    UNIQUE READS:
                   Uniquely mapped reads number |	19581492
                        Uniquely mapped reads % |	92.78%
                          Average mapped length |	198.62
                       Number of splices: Total |	5996132
            Number of splices: Annotated (sjdb) |	5907756
                       Number of splices: GT/AG |	5932483
                       Number of splices: GC/AG |	40188
                       Number of splices: AT/AC |	4393
               Number of splices: Non-canonical |	19068
                      Mismatch rate per base, % |	0.16%
                         Deletion rate per base |	0.01%
                        Deletion average length |	1.77
                        Insertion rate per base |	0.01%
                       Insertion average length |	1.40
                             MULTI-MAPPING READS:
        Number of reads mapped to multiple loci |	1287286
             % of reads mapped to multiple loci |	6.10%
        Number of reads mapped to too many loci |	21961
             % of reads mapped to too many loci |	0.10%
                                  UNMAPPED READS:
  Number of reads unmapped: too many mismatches |	0
       % of reads unmapped: too many mismatches |	0.00%
            Number of reads unmapped: too short |	184563
                 % of reads unmapped: too short |	0.87%
                Number of reads unmapped: other |	28940
                     % of reads unmapped: other |	0.14%
                                  CHIMERIC READS:
                       Number of chimeric reads |	0
                            % of chimeric reads |	0.00%
