                                 Started job on |	Feb 16 16:35:48
                             Started mapping on |	Feb 16 16:36:35
                                    Finished on |	Feb 16 16:41:59
       Mapping speed, Million of reads per hour |	224.28

                          Number of input reads |	20184904
                      Average input read length |	199
                                    UNIQUE READS:
                   Uniquely mapped reads number |	18700545
                        Uniquely mapped reads % |	92.65%
                          Average mapped length |	198.86
                       Number of splices: Total |	3846145
            Number of splices: Annotated (sjdb) |	3769028
                       Number of splices: GT/AG |	3793901
                       Number of splices: GC/AG |	27942
                       Number of splices: AT/AC |	3178
               Number of splices: Non-canonical |	21124
                      Mismatch rate per base, % |	0.29%
                         Deletion rate per base |	0.01%
                        Deletion average length |	1.81
                        Insertion rate per base |	0.01%
                       Insertion average length |	1.50
                             MULTI-MAPPING READS:
        Number of reads mapped to multiple loci |	1117431
             % of reads mapped to multiple loci |	5.54%
        Number of reads mapped to too many loci |	28728
             % of reads mapped to too many loci |	0.14%
                                  UNMAPPED READS:
  Number of reads unmapped: too many mismatches |	0
       % of reads unmapped: too many mismatches |	0.00%
            Number of reads unmapped: too short |	292333
                 % of reads unmapped: too short |	1.45%
                Number of reads unmapped: other |	45867
                     % of reads unmapped: other |	0.23%
                                  CHIMERIC READS:
                       Number of chimeric reads |	0
                            % of chimeric reads |	0.00%
