                                 Started job on |	Feb 16 16:29:46
                             Started mapping on |	Feb 16 16:31:04
                                    Finished on |	Feb 16 16:33:05
       Mapping speed, Million of reads per hour |	253.96

                          Number of input reads |	8535905
                      Average input read length |	198
                                    UNIQUE READS:
                   Uniquely mapped reads number |	6349803
                        Uniquely mapped reads % |	74.39%
                          Average mapped length |	198.47
                       Number of splices: Total |	1568252
            Number of splices: Annotated (sjdb) |	1544650
                       Number of splices: GT/AG |	1551473
                       Number of splices: GC/AG |	11413
                       Number of splices: AT/AC |	1292
               Number of splices: Non-canonical |	4074
                      Mismatch rate per base, % |	0.13%
                         Deletion rate per base |	0.01%
                        Deletion average length |	1.58
                        Insertion rate per base |	0.01%
                       Insertion average length |	1.34
                             MULTI-MAPPING READS:
        Number of reads mapped to multiple loci |	2107017
             % of reads mapped to multiple loci |	24.68%
        Number of reads mapped to too many loci |	9791
             % of reads mapped to too many loci |	0.11%
                                  UNMAPPED READS:
  Number of reads unmapped: too many mismatches |	0
       % of reads unmapped: too many mismatches |	0.00%
            Number of reads unmapped: too short |	62564
                 % of reads unmapped: too short |	0.73%
                Number of reads unmapped: other |	6730
                     % of reads unmapped: other |	0.08%
                                  CHIMERIC READS:
                       Number of chimeric reads |	0
                            % of chimeric reads |	0.00%
