                                 Started job on |	Feb 16 16:26:45
                             Started mapping on |	Feb 16 16:27:38
                                    Finished on |	Feb 16 16:34:52
       Mapping speed, Million of reads per hour |	154.69

                          Number of input reads |	18648651
                      Average input read length |	199
                                    UNIQUE READS:
                   Uniquely mapped reads number |	17002473
                        Uniquely mapped reads % |	91.17%
                          Average mapped length |	198.54
                       Number of splices: Total |	1988643
            Number of splices: Annotated (sjdb) |	1907564
                       Number of splices: GT/AG |	1929390
                       Number of splices: GC/AG |	15139
                       Number of splices: AT/AC |	1729
               Number of splices: Non-canonical |	42385
                      Mismatch rate per base, % |	0.20%
                         Deletion rate per base |	0.01%
                        Deletion average length |	1.99
                        Insertion rate per base |	0.01%
                       Insertion average length |	1.70
                             MULTI-MAPPING READS:
        Number of reads mapped to multiple loci |	822481
             % of reads mapped to multiple loci |	4.41%
        Number of reads mapped to too many loci |	68301
             % of reads mapped to too many loci |	0.37%
                                  UNMAPPED READS:
  Number of reads unmapped: too many mismatches |	0
       % of reads unmapped: too many mismatches |	0.00%
            Number of reads unmapped: too short |	613268
                 % of reads unmapped: too short |	3.29%
                Number of reads unmapped: other |	142128
                     % of reads unmapped: other |	0.76%
                                  CHIMERIC READS:
                       Number of chimeric reads |	0
                            % of chimeric reads |	0.00%
