                                 Started job on |	Feb 16 17:53:22
                             Started mapping on |	Feb 16 17:54:06
                                    Finished on |	Feb 16 18:05:16
       Mapping speed, Million of reads per hour |	180.32

                          Number of input reads |	33560150
                      Average input read length |	198
                                    UNIQUE READS:
                   Uniquely mapped reads number |	12171744
                        Uniquely mapped reads % |	36.27%
                          Average mapped length |	198.16
                       Number of splices: Total |	2909713
            Number of splices: Annotated (sjdb) |	2852268
                       Number of splices: GT/AG |	2873632
                       Number of splices: GC/AG |	19496
                       Number of splices: AT/AC |	2182
               Number of splices: Non-canonical |	14403
                      Mismatch rate per base, % |	0.21%
                         Deletion rate per base |	0.01%
                        Deletion average length |	1.77
                        Insertion rate per base |	0.01%
                       Insertion average length |	1.46
                             MULTI-MAPPING READS:
        Number of reads mapped to multiple loci |	21131354
             % of reads mapped to multiple loci |	62.97%
        Number of reads mapped to too many loci |	47641
             % of reads mapped to too many loci |	0.14%
                                  UNMAPPED READS:
  Number of reads unmapped: too many mismatches |	0
       % of reads unmapped: too many mismatches |	0.00%
            Number of reads unmapped: too short |	189547
                 % of reads unmapped: too short |	0.56%
                Number of reads unmapped: other |	19864
                     % of reads unmapped: other |	0.06%
                                  CHIMERIC READS:
                       Number of chimeric reads |	0
                            % of chimeric reads |	0.00%
