                                 Started job on |	Feb 16 17:53:55
                             Started mapping on |	Feb 16 17:55:26
                                    Finished on |	Feb 16 18:08:44
       Mapping speed, Million of reads per hour |	151.12

                          Number of input reads |	33498495
                      Average input read length |	197
                                    UNIQUE READS:
                   Uniquely mapped reads number |	6562068
                        Uniquely mapped reads % |	19.59%
                          Average mapped length |	197.71
                       Number of splices: Total |	1605580
            Number of splices: Annotated (sjdb) |	1584558
                       Number of splices: GT/AG |	1588801
                       Number of splices: GC/AG |	2126
                       Number of splices: AT/AC |	208
               Number of splices: Non-canonical |	14445
                      Mismatch rate per base, % |	0.33%
                         Deletion rate per base |	0.05%
                        Deletion average length |	1.11
                        Insertion rate per base |	0.00%
                       Insertion average length |	1.16
                             MULTI-MAPPING READS:
        Number of reads mapped to multiple loci |	26721578
             % of reads mapped to multiple loci |	79.77%
        Number of reads mapped to too many loci |	114866
             % of reads mapped to too many loci |	0.34%
                                  UNMAPPED READS:
  Number of reads unmapped: too many mismatches |	0
       % of reads unmapped: too many mismatches |	0.00%
            Number of reads unmapped: too short |	98794
                 % of reads unmapped: too short |	0.29%
                Number of reads unmapped: other |	1189
                     % of reads unmapped: other |	0.00%
                                  CHIMERIC READS:
                       Number of chimeric reads |	0
                            % of chimeric reads |	0.00%
