                                 Started job on |	Feb 16 17:22:50
                             Started mapping on |	Feb 16 17:23:45
                                    Finished on |	Feb 16 17:25:59
       Mapping speed, Million of reads per hour |	348.40

                          Number of input reads |	12968178
                      Average input read length |	198
                                    UNIQUE READS:
                   Uniquely mapped reads number |	11688444
                        Uniquely mapped reads % |	90.13%
                          Average mapped length |	198.49
                       Number of splices: Total |	3014106
            Number of splices: Annotated (sjdb) |	2966688
                       Number of splices: GT/AG |	2981684
                       Number of splices: GC/AG |	21843
                       Number of splices: AT/AC |	2502
               Number of splices: Non-canonical |	8077
                      Mismatch rate per base, % |	0.13%
                         Deletion rate per base |	0.01%
                        Deletion average length |	1.73
                        Insertion rate per base |	0.01%
                       Insertion average length |	1.36
                             MULTI-MAPPING READS:
        Number of reads mapped to multiple loci |	1138739
             % of reads mapped to multiple loci |	8.78%
        Number of reads mapped to too many loci |	13436
             % of reads mapped to too many loci |	0.10%
                                  UNMAPPED READS:
  Number of reads unmapped: too many mismatches |	0
       % of reads unmapped: too many mismatches |	0.00%
            Number of reads unmapped: too short |	113124
                 % of reads unmapped: too short |	0.87%
                Number of reads unmapped: other |	14435
                     % of reads unmapped: other |	0.11%
                                  CHIMERIC READS:
                       Number of chimeric reads |	0
                            % of chimeric reads |	0.00%
