                                 Started job on |	Feb 16 16:44:52
                             Started mapping on |	Feb 16 16:46:02
                                    Finished on |	Feb 16 16:49:53
       Mapping speed, Million of reads per hour |	256.75

                          Number of input reads |	16474668
                      Average input read length |	195
                                    UNIQUE READS:
                   Uniquely mapped reads number |	11371350
                        Uniquely mapped reads % |	69.02%
                          Average mapped length |	195.67
                       Number of splices: Total |	2815090
            Number of splices: Annotated (sjdb) |	2744993
                       Number of splices: GT/AG |	2779941
                       Number of splices: GC/AG |	20160
                       Number of splices: AT/AC |	2048
               Number of splices: Non-canonical |	12941
                      Mismatch rate per base, % |	0.34%
                         Deletion rate per base |	0.02%
                        Deletion average length |	1.78
                        Insertion rate per base |	0.01%
                       Insertion average length |	1.48
                             MULTI-MAPPING READS:
        Number of reads mapped to multiple loci |	4852412
             % of reads mapped to multiple loci |	29.45%
        Number of reads mapped to too many loci |	36848
             % of reads mapped to too many loci |	0.22%
                                  UNMAPPED READS:
  Number of reads unmapped: too many mismatches |	0
       % of reads unmapped: too many mismatches |	0.00%
            Number of reads unmapped: too short |	197956
                 % of reads unmapped: too short |	1.20%
                Number of reads unmapped: other |	16102
                     % of reads unmapped: other |	0.10%
                                  CHIMERIC READS:
                       Number of chimeric reads |	0
                            % of chimeric reads |	0.00%
