                                 Started job on |	Feb 16 16:20:42
                             Started mapping on |	Feb 16 16:21:53
                                    Finished on |	Feb 16 16:23:48
       Mapping speed, Million of reads per hour |	351.27

                          Number of input reads |	11221035
                      Average input read length |	199
                                    UNIQUE READS:
                   Uniquely mapped reads number |	9736734
                        Uniquely mapped reads % |	86.77%
                          Average mapped length |	198.76
                       Number of splices: Total |	5906127
            Number of splices: Annotated (sjdb) |	5853921
                       Number of splices: GT/AG |	5858436
                       Number of splices: GC/AG |	37874
                       Number of splices: AT/AC |	3970
               Number of splices: Non-canonical |	5847
                      Mismatch rate per base, % |	0.19%
                         Deletion rate per base |	0.01%
                        Deletion average length |	1.61
                        Insertion rate per base |	0.01%
                       Insertion average length |	1.39
                             MULTI-MAPPING READS:
        Number of reads mapped to multiple loci |	1378470
             % of reads mapped to multiple loci |	12.28%
        Number of reads mapped to too many loci |	10124
             % of reads mapped to too many loci |	0.09%
                                  UNMAPPED READS:
  Number of reads unmapped: too many mismatches |	0
       % of reads unmapped: too many mismatches |	0.00%
            Number of reads unmapped: too short |	93200
                 % of reads unmapped: too short |	0.83%
                Number of reads unmapped: other |	2507
                     % of reads unmapped: other |	0.02%
                                  CHIMERIC READS:
                       Number of chimeric reads |	0
                            % of chimeric reads |	0.00%
