                                 Started job on |	Feb 16 17:44:43
                             Started mapping on |	Feb 16 17:45:22
                                    Finished on |	Feb 16 17:56:06
       Mapping speed, Million of reads per hour |	159.28

                          Number of input reads |	28493584
                      Average input read length |	198
                                    UNIQUE READS:
                   Uniquely mapped reads number |	6340265
                        Uniquely mapped reads % |	22.25%
                          Average mapped length |	198.31
                       Number of splices: Total |	1684114
            Number of splices: Annotated (sjdb) |	1664167
                       Number of splices: GT/AG |	1668227
                       Number of splices: GC/AG |	2566
                       Number of splices: AT/AC |	260
               Number of splices: Non-canonical |	13061
                      Mismatch rate per base, % |	0.32%
                         Deletion rate per base |	0.05%
                        Deletion average length |	1.12
                        Insertion rate per base |	0.00%
                       Insertion average length |	1.20
                             MULTI-MAPPING READS:
        Number of reads mapped to multiple loci |	21918065
             % of reads mapped to multiple loci |	76.92%
        Number of reads mapped to too many loci |	109911
             % of reads mapped to too many loci |	0.39%
                                  UNMAPPED READS:
  Number of reads unmapped: too many mismatches |	0
       % of reads unmapped: too many mismatches |	0.00%
            Number of reads unmapped: too short |	123684
                 % of reads unmapped: too short |	0.43%
                Number of reads unmapped: other |	1659
                     % of reads unmapped: other |	0.01%
                                  CHIMERIC READS:
                       Number of chimeric reads |	0
                            % of chimeric reads |	0.00%
