                                 Started job on |	Feb 16 17:31:58
                             Started mapping on |	Feb 16 17:32:54
                                    Finished on |	Feb 16 17:35:41
       Mapping speed, Million of reads per hour |	338.63

                          Number of input reads |	15708566
                      Average input read length |	199
                                    UNIQUE READS:
                   Uniquely mapped reads number |	14378561
                        Uniquely mapped reads % |	91.53%
                          Average mapped length |	198.85
                       Number of splices: Total |	3945191
            Number of splices: Annotated (sjdb) |	3883590
                       Number of splices: GT/AG |	3902201
                       Number of splices: GC/AG |	27620
                       Number of splices: AT/AC |	3336
               Number of splices: Non-canonical |	12034
                      Mismatch rate per base, % |	0.17%
                         Deletion rate per base |	0.01%
                        Deletion average length |	1.74
                        Insertion rate per base |	0.01%
                       Insertion average length |	1.43
                             MULTI-MAPPING READS:
        Number of reads mapped to multiple loci |	1158771
             % of reads mapped to multiple loci |	7.38%
        Number of reads mapped to too many loci |	14294
             % of reads mapped to too many loci |	0.09%
                                  UNMAPPED READS:
  Number of reads unmapped: too many mismatches |	0
       % of reads unmapped: too many mismatches |	0.00%
            Number of reads unmapped: too short |	138885
                 % of reads unmapped: too short |	0.88%
                Number of reads unmapped: other |	18055
                     % of reads unmapped: other |	0.11%
                                  CHIMERIC READS:
                       Number of chimeric reads |	0
                            % of chimeric reads |	0.00%
