                                 Started job on |	Feb 16 18:28:23
                             Started mapping on |	Feb 16 18:29:24
                                    Finished on |	Feb 16 18:34:36
       Mapping speed, Million of reads per hour |	316.21

                          Number of input reads |	27404712
                      Average input read length |	199
                                    UNIQUE READS:
                   Uniquely mapped reads number |	25766778
                        Uniquely mapped reads % |	94.02%
                          Average mapped length |	198.93
                       Number of splices: Total |	6789678
            Number of splices: Annotated (sjdb) |	6690889
                       Number of splices: GT/AG |	6718597
                       Number of splices: GC/AG |	49265
                       Number of splices: AT/AC |	5747
               Number of splices: Non-canonical |	16069
                      Mismatch rate per base, % |	0.21%
                         Deletion rate per base |	0.01%
                        Deletion average length |	1.73
                        Insertion rate per base |	0.01%
                       Insertion average length |	1.42
                             MULTI-MAPPING READS:
        Number of reads mapped to multiple loci |	1417321
             % of reads mapped to multiple loci |	5.17%
        Number of reads mapped to too many loci |	24891
             % of reads mapped to too many loci |	0.09%
                                  UNMAPPED READS:
  Number of reads unmapped: too many mismatches |	0
       % of reads unmapped: too many mismatches |	0.00%
            Number of reads unmapped: too short |	169721
                 % of reads unmapped: too short |	0.62%
                Number of reads unmapped: other |	26001
                     % of reads unmapped: other |	0.09%
                                  CHIMERIC READS:
                       Number of chimeric reads |	0
                            % of chimeric reads |	0.00%
