                                 Started job on |	Feb 16 17:18:16
                             Started mapping on |	Feb 16 17:19:32
                                    Finished on |	Feb 16 17:22:42
       Mapping speed, Million of reads per hour |	267.07

                          Number of input reads |	14095204
                      Average input read length |	199
                                    UNIQUE READS:
                   Uniquely mapped reads number |	13175226
                        Uniquely mapped reads % |	93.47%
                          Average mapped length |	198.67
                       Number of splices: Total |	2955385
            Number of splices: Annotated (sjdb) |	2900639
                       Number of splices: GT/AG |	2916231
                       Number of splices: GC/AG |	20972
                       Number of splices: AT/AC |	2487
               Number of splices: Non-canonical |	15695
                      Mismatch rate per base, % |	0.21%
                         Deletion rate per base |	0.01%
                        Deletion average length |	1.75
                        Insertion rate per base |	0.01%
                       Insertion average length |	1.41
                             MULTI-MAPPING READS:
        Number of reads mapped to multiple loci |	707409
             % of reads mapped to multiple loci |	5.02%
        Number of reads mapped to too many loci |	19921
             % of reads mapped to too many loci |	0.14%
                                  UNMAPPED READS:
  Number of reads unmapped: too many mismatches |	0
       % of reads unmapped: too many mismatches |	0.00%
            Number of reads unmapped: too short |	164201
                 % of reads unmapped: too short |	1.16%
                Number of reads unmapped: other |	28447
                     % of reads unmapped: other |	0.20%
                                  CHIMERIC READS:
                       Number of chimeric reads |	0
                            % of chimeric reads |	0.00%
