                                 Started job on |	Feb 16 18:19:44
                             Started mapping on |	Feb 16 18:21:22
                                    Finished on |	Feb 16 18:24:51
       Mapping speed, Million of reads per hour |	300.81

                          Number of input reads |	17463949
                      Average input read length |	199
                                    UNIQUE READS:
                   Uniquely mapped reads number |	15314206
                        Uniquely mapped reads % |	87.69%
                          Average mapped length |	198.84
                       Number of splices: Total |	8789137
            Number of splices: Annotated (sjdb) |	8697654
                       Number of splices: GT/AG |	8715128
                       Number of splices: GC/AG |	56670
                       Number of splices: AT/AC |	6816
               Number of splices: Non-canonical |	10523
                      Mismatch rate per base, % |	0.18%
                         Deletion rate per base |	0.01%
                        Deletion average length |	1.67
                        Insertion rate per base |	0.01%
                       Insertion average length |	1.49
                             MULTI-MAPPING READS:
        Number of reads mapped to multiple loci |	1997334
             % of reads mapped to multiple loci |	11.44%
        Number of reads mapped to too many loci |	15427
             % of reads mapped to too many loci |	0.09%
                                  UNMAPPED READS:
  Number of reads unmapped: too many mismatches |	0
       % of reads unmapped: too many mismatches |	0.00%
            Number of reads unmapped: too short |	129266
                 % of reads unmapped: too short |	0.74%
                Number of reads unmapped: other |	7716
                     % of reads unmapped: other |	0.04%
                                  CHIMERIC READS:
                       Number of chimeric reads |	0
                            % of chimeric reads |	0.00%
