                                 Started job on |	Feb 16 18:21:56
                             Started mapping on |	Feb 16 18:23:24
                                    Finished on |	Feb 16 18:27:47
       Mapping speed, Million of reads per hour |	267.31

                          Number of input reads |	19528653
                      Average input read length |	199
                                    UNIQUE READS:
                   Uniquely mapped reads number |	18259264
                        Uniquely mapped reads % |	93.50%
                          Average mapped length |	198.92
                       Number of splices: Total |	4272555
            Number of splices: Annotated (sjdb) |	4201758
                       Number of splices: GT/AG |	4222145
                       Number of splices: GC/AG |	31845
                       Number of splices: AT/AC |	3780
               Number of splices: Non-canonical |	14785
                      Mismatch rate per base, % |	0.28%
                         Deletion rate per base |	0.01%
                        Deletion average length |	1.75
                        Insertion rate per base |	0.01%
                       Insertion average length |	1.44
                             MULTI-MAPPING READS:
        Number of reads mapped to multiple loci |	1061039
             % of reads mapped to multiple loci |	5.43%
        Number of reads mapped to too many loci |	21242
             % of reads mapped to too many loci |	0.11%
                                  UNMAPPED READS:
  Number of reads unmapped: too many mismatches |	0
       % of reads unmapped: too many mismatches |	0.00%
            Number of reads unmapped: too short |	160834
                 % of reads unmapped: too short |	0.82%
                Number of reads unmapped: other |	26274
                     % of reads unmapped: other |	0.13%
                                  CHIMERIC READS:
                       Number of chimeric reads |	0
                            % of chimeric reads |	0.00%
