                                 Started job on |	Feb 16 18:18:18
                             Started mapping on |	Feb 16 18:19:47
                                    Finished on |	Feb 16 18:33:47
       Mapping speed, Million of reads per hour |	174.91

                          Number of input reads |	40811944
                      Average input read length |	198
                                    UNIQUE READS:
                   Uniquely mapped reads number |	9970308
                        Uniquely mapped reads % |	24.43%
                          Average mapped length |	198.21
                       Number of splices: Total |	2272643
            Number of splices: Annotated (sjdb) |	2239483
                       Number of splices: GT/AG |	2247269
                       Number of splices: GC/AG |	4267
                       Number of splices: AT/AC |	490
               Number of splices: Non-canonical |	20617
                      Mismatch rate per base, % |	0.31%
                         Deletion rate per base |	0.04%
                        Deletion average length |	1.15
                        Insertion rate per base |	0.00%
                       Insertion average length |	1.30
                             MULTI-MAPPING READS:
        Number of reads mapped to multiple loci |	30555090
             % of reads mapped to multiple loci |	74.87%
        Number of reads mapped to too many loci |	118696
             % of reads mapped to too many loci |	0.29%
                                  UNMAPPED READS:
  Number of reads unmapped: too many mismatches |	0
       % of reads unmapped: too many mismatches |	0.00%
            Number of reads unmapped: too short |	157309
                 % of reads unmapped: too short |	0.39%
                Number of reads unmapped: other |	10541
                     % of reads unmapped: other |	0.03%
                                  CHIMERIC READS:
                       Number of chimeric reads |	0
                            % of chimeric reads |	0.00%
