                                 Started job on |	Feb 16 17:52:35
                             Started mapping on |	Feb 16 17:53:44
                                    Finished on |	Feb 16 17:56:31
       Mapping speed, Million of reads per hour |	281.45

                          Number of input reads |	13056166
                      Average input read length |	199
                                    UNIQUE READS:
                   Uniquely mapped reads number |	11033857
                        Uniquely mapped reads % |	84.51%
                          Average mapped length |	198.83
                       Number of splices: Total |	2589099
            Number of splices: Annotated (sjdb) |	2545794
                       Number of splices: GT/AG |	2559184
                       Number of splices: GC/AG |	19267
                       Number of splices: AT/AC |	2174
               Number of splices: Non-canonical |	8474
                      Mismatch rate per base, % |	0.19%
                         Deletion rate per base |	0.01%
                        Deletion average length |	1.73
                        Insertion rate per base |	0.01%
                       Insertion average length |	1.39
                             MULTI-MAPPING READS:
        Number of reads mapped to multiple loci |	1903218
             % of reads mapped to multiple loci |	14.58%
        Number of reads mapped to too many loci |	16165
             % of reads mapped to too many loci |	0.12%
                                  UNMAPPED READS:
  Number of reads unmapped: too many mismatches |	0
       % of reads unmapped: too many mismatches |	0.00%
            Number of reads unmapped: too short |	89843
                 % of reads unmapped: too short |	0.69%
                Number of reads unmapped: other |	13083
                     % of reads unmapped: other |	0.10%
                                  CHIMERIC READS:
                       Number of chimeric reads |	0
                            % of chimeric reads |	0.00%
