                                 Started job on |	Feb 16 18:26:23
                             Started mapping on |	Feb 16 18:27:25
                                    Finished on |	Feb 16 18:30:40
       Mapping speed, Million of reads per hour |	288.36

                          Number of input reads |	15619241
                      Average input read length |	199
                                    UNIQUE READS:
                   Uniquely mapped reads number |	14324168
                        Uniquely mapped reads % |	91.71%
                          Average mapped length |	198.86
                       Number of splices: Total |	3146642
            Number of splices: Annotated (sjdb) |	3091343
                       Number of splices: GT/AG |	3109165
                       Number of splices: GC/AG |	23329
                       Number of splices: AT/AC |	2573
               Number of splices: Non-canonical |	11575
                      Mismatch rate per base, % |	0.14%
                         Deletion rate per base |	0.01%
                        Deletion average length |	1.76
                        Insertion rate per base |	0.01%
                       Insertion average length |	1.44
                             MULTI-MAPPING READS:
        Number of reads mapped to multiple loci |	1129827
             % of reads mapped to multiple loci |	7.23%
        Number of reads mapped to too many loci |	15665
             % of reads mapped to too many loci |	0.10%
                                  UNMAPPED READS:
  Number of reads unmapped: too many mismatches |	0
       % of reads unmapped: too many mismatches |	0.00%
            Number of reads unmapped: too short |	127566
                 % of reads unmapped: too short |	0.82%
                Number of reads unmapped: other |	22015
                     % of reads unmapped: other |	0.14%
                                  CHIMERIC READS:
                       Number of chimeric reads |	0
                            % of chimeric reads |	0.00%
