                                 Started job on |	Feb 16 16:38:54
                             Started mapping on |	Feb 16 16:40:00
                                    Finished on |	Feb 16 16:43:35
       Mapping speed, Million of reads per hour |	333.31

                          Number of input reads |	19906002
                      Average input read length |	199
                                    UNIQUE READS:
                   Uniquely mapped reads number |	18367969
                        Uniquely mapped reads % |	92.27%
                          Average mapped length |	198.73
                       Number of splices: Total |	5263356
            Number of splices: Annotated (sjdb) |	5187512
                       Number of splices: GT/AG |	5210839
                       Number of splices: GC/AG |	37400
                       Number of splices: AT/AC |	4433
               Number of splices: Non-canonical |	10684
                      Mismatch rate per base, % |	0.21%
                         Deletion rate per base |	0.01%
                        Deletion average length |	1.71
                        Insertion rate per base |	0.01%
                       Insertion average length |	1.42
                             MULTI-MAPPING READS:
        Number of reads mapped to multiple loci |	1384352
             % of reads mapped to multiple loci |	6.95%
        Number of reads mapped to too many loci |	14722
             % of reads mapped to too many loci |	0.07%
                                  UNMAPPED READS:
  Number of reads unmapped: too many mismatches |	0
       % of reads unmapped: too many mismatches |	0.00%
            Number of reads unmapped: too short |	123493
                 % of reads unmapped: too short |	0.62%
                Number of reads unmapped: other |	15466
                     % of reads unmapped: other |	0.08%
                                  CHIMERIC READS:
                       Number of chimeric reads |	0
                            % of chimeric reads |	0.00%
