                                 Started job on |	Feb 16 16:11:39
                             Started mapping on |	Feb 16 16:12:45
                                    Finished on |	Feb 16 16:18:38
       Mapping speed, Million of reads per hour |	207.59

                          Number of input reads |	20355418
                      Average input read length |	199
                                    UNIQUE READS:
                   Uniquely mapped reads number |	19160126
                        Uniquely mapped reads % |	94.13%
                          Average mapped length |	198.88
                       Number of splices: Total |	5105402
            Number of splices: Annotated (sjdb) |	5026347
                       Number of splices: GT/AG |	5046554
                       Number of splices: GC/AG |	36058
                       Number of splices: AT/AC |	4285
               Number of splices: Non-canonical |	18505
                      Mismatch rate per base, % |	0.28%
                         Deletion rate per base |	0.01%
                        Deletion average length |	1.75
                        Insertion rate per base |	0.01%
                       Insertion average length |	1.45
                             MULTI-MAPPING READS:
        Number of reads mapped to multiple loci |	868393
             % of reads mapped to multiple loci |	4.27%
        Number of reads mapped to too many loci |	25230
             % of reads mapped to too many loci |	0.12%
                                  UNMAPPED READS:
  Number of reads unmapped: too many mismatches |	0
       % of reads unmapped: too many mismatches |	0.00%
            Number of reads unmapped: too short |	261691
                 % of reads unmapped: too short |	1.29%
                Number of reads unmapped: other |	39978
                     % of reads unmapped: other |	0.20%
                                  CHIMERIC READS:
                       Number of chimeric reads |	0
                            % of chimeric reads |	0.00%
