                                 Started job on |	Feb 16 17:58:20
                             Started mapping on |	Feb 16 18:00:01
                                    Finished on |	Feb 16 18:11:43
       Mapping speed, Million of reads per hour |	190.03

                          Number of input reads |	37055206
                      Average input read length |	198
                                    UNIQUE READS:
                   Uniquely mapped reads number |	12381980
                        Uniquely mapped reads % |	33.41%
                          Average mapped length |	198.71
                       Number of splices: Total |	2416864
            Number of splices: Annotated (sjdb) |	2371941
                       Number of splices: GT/AG |	2386966
                       Number of splices: GC/AG |	17539
                       Number of splices: AT/AC |	1953
               Number of splices: Non-canonical |	10406
                      Mismatch rate per base, % |	0.18%
                         Deletion rate per base |	0.01%
                        Deletion average length |	1.77
                        Insertion rate per base |	0.01%
                       Insertion average length |	1.43
                             MULTI-MAPPING READS:
        Number of reads mapped to multiple loci |	24489675
             % of reads mapped to multiple loci |	66.09%
        Number of reads mapped to too many loci |	48738
             % of reads mapped to too many loci |	0.13%
                                  UNMAPPED READS:
  Number of reads unmapped: too many mismatches |	0
       % of reads unmapped: too many mismatches |	0.00%
            Number of reads unmapped: too short |	114205
                 % of reads unmapped: too short |	0.31%
                Number of reads unmapped: other |	20608
                     % of reads unmapped: other |	0.06%
                                  CHIMERIC READS:
                       Number of chimeric reads |	0
                            % of chimeric reads |	0.00%
