                                 Started job on |	Feb 16 17:29:19
                             Started mapping on |	Feb 16 17:30:11
                                    Finished on |	Feb 16 17:34:19
       Mapping speed, Million of reads per hour |	358.20

                          Number of input reads |	24676198
                      Average input read length |	199
                                    UNIQUE READS:
                   Uniquely mapped reads number |	23479874
                        Uniquely mapped reads % |	95.15%
                          Average mapped length |	198.65
                       Number of splices: Total |	6193249
            Number of splices: Annotated (sjdb) |	6103010
                       Number of splices: GT/AG |	6127741
                       Number of splices: GC/AG |	45907
                       Number of splices: AT/AC |	5341
               Number of splices: Non-canonical |	14260
                      Mismatch rate per base, % |	0.20%
                         Deletion rate per base |	0.01%
                        Deletion average length |	1.75
                        Insertion rate per base |	0.01%
                       Insertion average length |	1.44
                             MULTI-MAPPING READS:
        Number of reads mapped to multiple loci |	1000154
             % of reads mapped to multiple loci |	4.05%
        Number of reads mapped to too many loci |	23020
             % of reads mapped to too many loci |	0.09%
                                  UNMAPPED READS:
  Number of reads unmapped: too many mismatches |	0
       % of reads unmapped: too many mismatches |	0.00%
            Number of reads unmapped: too short |	147917
                 % of reads unmapped: too short |	0.60%
                Number of reads unmapped: other |	25233
                     % of reads unmapped: other |	0.10%
                                  CHIMERIC READS:
                       Number of chimeric reads |	0
                            % of chimeric reads |	0.00%
