                                 Started job on |	Feb 16 17:26:16
                             Started mapping on |	Feb 16 17:27:24
                                    Finished on |	Feb 16 17:29:28
       Mapping speed, Million of reads per hour |	315.31

                          Number of input reads |	10860711
                      Average input read length |	198
                                    UNIQUE READS:
                   Uniquely mapped reads number |	10002874
                        Uniquely mapped reads % |	92.10%
                          Average mapped length |	198.43
                       Number of splices: Total |	3033228
            Number of splices: Annotated (sjdb) |	2985070
                       Number of splices: GT/AG |	3002142
                       Number of splices: GC/AG |	20551
                       Number of splices: AT/AC |	2271
               Number of splices: Non-canonical |	8264
                      Mismatch rate per base, % |	0.13%
                         Deletion rate per base |	0.01%
                        Deletion average length |	1.73
                        Insertion rate per base |	0.01%
                       Insertion average length |	1.36
                             MULTI-MAPPING READS:
        Number of reads mapped to multiple loci |	724208
             % of reads mapped to multiple loci |	6.67%
        Number of reads mapped to too many loci |	11095
             % of reads mapped to too many loci |	0.10%
                                  UNMAPPED READS:
  Number of reads unmapped: too many mismatches |	0
       % of reads unmapped: too many mismatches |	0.00%
            Number of reads unmapped: too short |	109955
                 % of reads unmapped: too short |	1.01%
                Number of reads unmapped: other |	12579
                     % of reads unmapped: other |	0.12%
                                  CHIMERIC READS:
                       Number of chimeric reads |	0
                            % of chimeric reads |	0.00%
