                                 Started job on |	Feb 16 17:57:05
                             Started mapping on |	Feb 16 17:58:06
                                    Finished on |	Feb 16 18:01:31
       Mapping speed, Million of reads per hour |	364.88

                          Number of input reads |	20777925
                      Average input read length |	198
                                    UNIQUE READS:
                   Uniquely mapped reads number |	19268818
                        Uniquely mapped reads % |	92.74%
                          Average mapped length |	198.60
                       Number of splices: Total |	4309059
            Number of splices: Annotated (sjdb) |	4239594
                       Number of splices: GT/AG |	4260932
                       Number of splices: GC/AG |	31692
                       Number of splices: AT/AC |	3373
               Number of splices: Non-canonical |	13062
                      Mismatch rate per base, % |	0.19%
                         Deletion rate per base |	0.01%
                        Deletion average length |	1.74
                        Insertion rate per base |	0.01%
                       Insertion average length |	1.42
                             MULTI-MAPPING READS:
        Number of reads mapped to multiple loci |	1333844
             % of reads mapped to multiple loci |	6.42%
        Number of reads mapped to too many loci |	21796
             % of reads mapped to too many loci |	0.10%
                                  UNMAPPED READS:
  Number of reads unmapped: too many mismatches |	0
       % of reads unmapped: too many mismatches |	0.00%
            Number of reads unmapped: too short |	133115
                 % of reads unmapped: too short |	0.64%
                Number of reads unmapped: other |	20352
                     % of reads unmapped: other |	0.10%
                                  CHIMERIC READS:
                       Number of chimeric reads |	0
                            % of chimeric reads |	0.00%
