                                 Started job on |	Feb 16 17:23:22
                             Started mapping on |	Feb 16 17:24:17
                                    Finished on |	Feb 16 17:29:01
       Mapping speed, Million of reads per hour |	365.18

                          Number of input reads |	28808360
                      Average input read length |	199
                                    UNIQUE READS:
                   Uniquely mapped reads number |	27131155
                        Uniquely mapped reads % |	94.18%
                          Average mapped length |	198.94
                       Number of splices: Total |	6032954
            Number of splices: Annotated (sjdb) |	5934042
                       Number of splices: GT/AG |	5963536
                       Number of splices: GC/AG |	44655
                       Number of splices: AT/AC |	5029
               Number of splices: Non-canonical |	19734
                      Mismatch rate per base, % |	0.14%
                         Deletion rate per base |	0.01%
                        Deletion average length |	1.75
                        Insertion rate per base |	0.01%
                       Insertion average length |	1.44
                             MULTI-MAPPING READS:
        Number of reads mapped to multiple loci |	1422759
             % of reads mapped to multiple loci |	4.94%
        Number of reads mapped to too many loci |	25646
             % of reads mapped to too many loci |	0.09%
                                  UNMAPPED READS:
  Number of reads unmapped: too many mismatches |	0
       % of reads unmapped: too many mismatches |	0.00%
            Number of reads unmapped: too short |	188337
                 % of reads unmapped: too short |	0.65%
                Number of reads unmapped: other |	40463
                     % of reads unmapped: other |	0.14%
                                  CHIMERIC READS:
                       Number of chimeric reads |	0
                            % of chimeric reads |	0.00%
