                                 Started job on |	Feb 16 17:18:01
                             Started mapping on |	Feb 16 17:18:48
                                    Finished on |	Feb 16 17:21:02
       Mapping speed, Million of reads per hour |	381.81

                          Number of input reads |	14211985
                      Average input read length |	199
                                    UNIQUE READS:
                   Uniquely mapped reads number |	13476619
                        Uniquely mapped reads % |	94.83%
                          Average mapped length |	198.67
                       Number of splices: Total |	3479217
            Number of splices: Annotated (sjdb) |	3429304
                       Number of splices: GT/AG |	3443180
                       Number of splices: GC/AG |	24920
                       Number of splices: AT/AC |	2879
               Number of splices: Non-canonical |	8238
                      Mismatch rate per base, % |	0.15%
                         Deletion rate per base |	0.01%
                        Deletion average length |	1.74
                        Insertion rate per base |	0.01%
                       Insertion average length |	1.42
                             MULTI-MAPPING READS:
        Number of reads mapped to multiple loci |	604903
             % of reads mapped to multiple loci |	4.26%
        Number of reads mapped to too many loci |	12382
             % of reads mapped to too many loci |	0.09%
                                  UNMAPPED READS:
  Number of reads unmapped: too many mismatches |	0
       % of reads unmapped: too many mismatches |	0.00%
            Number of reads unmapped: too short |	100895
                 % of reads unmapped: too short |	0.71%
                Number of reads unmapped: other |	17186
                     % of reads unmapped: other |	0.12%
                                  CHIMERIC READS:
                       Number of chimeric reads |	0
                            % of chimeric reads |	0.00%
