                                 Started job on |	Feb 16 18:18:19
                             Started mapping on |	Feb 16 18:19:20
                                    Finished on |	Feb 16 18:23:57
       Mapping speed, Million of reads per hour |	206.11

                          Number of input reads |	15858793
                      Average input read length |	198
                                    UNIQUE READS:
                   Uniquely mapped reads number |	13053368
                        Uniquely mapped reads % |	82.31%
                          Average mapped length |	198.37
                       Number of splices: Total |	3832757
            Number of splices: Annotated (sjdb) |	3769466
                       Number of splices: GT/AG |	3789517
                       Number of splices: GC/AG |	25887
                       Number of splices: AT/AC |	3167
               Number of splices: Non-canonical |	14186
                      Mismatch rate per base, % |	0.15%
                         Deletion rate per base |	0.01%
                        Deletion average length |	1.64
                        Insertion rate per base |	0.01%
                       Insertion average length |	1.36
                             MULTI-MAPPING READS:
        Number of reads mapped to multiple loci |	2546475
             % of reads mapped to multiple loci |	16.06%
        Number of reads mapped to too many loci |	20582
             % of reads mapped to too many loci |	0.13%
                                  UNMAPPED READS:
  Number of reads unmapped: too many mismatches |	0
       % of reads unmapped: too many mismatches |	0.00%
            Number of reads unmapped: too short |	214135
                 % of reads unmapped: too short |	1.35%
                Number of reads unmapped: other |	24233
                     % of reads unmapped: other |	0.15%
                                  CHIMERIC READS:
                       Number of chimeric reads |	0
                            % of chimeric reads |	0.00%
