                                 Started job on |	Feb 16 15:41:31
                             Started mapping on |	Feb 16 15:43:05
                                    Finished on |	Feb 16 15:46:45
       Mapping speed, Million of reads per hour |	292.57

                          Number of input reads |	17879495
                      Average input read length |	199
                                    UNIQUE READS:
                   Uniquely mapped reads number |	16111992
                        Uniquely mapped reads % |	90.11%
                          Average mapped length |	198.80
                       Number of splices: Total |	3464834
            Number of splices: Annotated (sjdb) |	3402218
                       Number of splices: GT/AG |	3420975
                       Number of splices: GC/AG |	25865
                       Number of splices: AT/AC |	2878
               Number of splices: Non-canonical |	15116
                      Mismatch rate per base, % |	0.19%
                         Deletion rate per base |	0.01%
                        Deletion average length |	1.76
                        Insertion rate per base |	0.01%
                       Insertion average length |	1.42
                             MULTI-MAPPING READS:
        Number of reads mapped to multiple loci |	1570613
             % of reads mapped to multiple loci |	8.78%
        Number of reads mapped to too many loci |	23710
             % of reads mapped to too many loci |	0.13%
                                  UNMAPPED READS:
  Number of reads unmapped: too many mismatches |	0
       % of reads unmapped: too many mismatches |	0.00%
            Number of reads unmapped: too short |	146910
                 % of reads unmapped: too short |	0.82%
                Number of reads unmapped: other |	26270
                     % of reads unmapped: other |	0.15%
                                  CHIMERIC READS:
                       Number of chimeric reads |	0
                            % of chimeric reads |	0.00%
