                                 Started job on |	Feb 16 18:00:28
                             Started mapping on |	Feb 16 18:01:29
                                    Finished on |	Feb 16 18:06:27
       Mapping speed, Million of reads per hour |	357.79

                          Number of input reads |	29616784
                      Average input read length |	199
                                    UNIQUE READS:
                   Uniquely mapped reads number |	27019162
                        Uniquely mapped reads % |	91.23%
                          Average mapped length |	198.95
                       Number of splices: Total |	7210556
            Number of splices: Annotated (sjdb) |	7103049
                       Number of splices: GT/AG |	7135781
                       Number of splices: GC/AG |	51298
                       Number of splices: AT/AC |	5602
               Number of splices: Non-canonical |	17875
                      Mismatch rate per base, % |	0.20%
                         Deletion rate per base |	0.01%
                        Deletion average length |	1.73
                        Insertion rate per base |	0.01%
                       Insertion average length |	1.41
                             MULTI-MAPPING READS:
        Number of reads mapped to multiple loci |	2375271
             % of reads mapped to multiple loci |	8.02%
        Number of reads mapped to too many loci |	32613
             % of reads mapped to too many loci |	0.11%
                                  UNMAPPED READS:
  Number of reads unmapped: too many mismatches |	0
       % of reads unmapped: too many mismatches |	0.00%
            Number of reads unmapped: too short |	168179
                 % of reads unmapped: too short |	0.57%
                Number of reads unmapped: other |	21559
                     % of reads unmapped: other |	0.07%
                                  CHIMERIC READS:
                       Number of chimeric reads |	0
                            % of chimeric reads |	0.00%
