                                 Started job on |	Feb 16 17:12:07
                             Started mapping on |	Feb 16 17:14:02
                                    Finished on |	Feb 16 17:18:02
       Mapping speed, Million of reads per hour |	234.39

                          Number of input reads |	15626238
                      Average input read length |	199
                                    UNIQUE READS:
                   Uniquely mapped reads number |	14185415
                        Uniquely mapped reads % |	90.78%
                          Average mapped length |	198.72
                       Number of splices: Total |	3955440
            Number of splices: Annotated (sjdb) |	3895789
                       Number of splices: GT/AG |	3914645
                       Number of splices: GC/AG |	28340
                       Number of splices: AT/AC |	3251
               Number of splices: Non-canonical |	9204
                      Mismatch rate per base, % |	0.19%
                         Deletion rate per base |	0.01%
                        Deletion average length |	1.72
                        Insertion rate per base |	0.01%
                       Insertion average length |	1.41
                             MULTI-MAPPING READS:
        Number of reads mapped to multiple loci |	1310541
             % of reads mapped to multiple loci |	8.39%
        Number of reads mapped to too many loci |	16763
             % of reads mapped to too many loci |	0.11%
                                  UNMAPPED READS:
  Number of reads unmapped: too many mismatches |	0
       % of reads unmapped: too many mismatches |	0.00%
            Number of reads unmapped: too short |	99663
                 % of reads unmapped: too short |	0.64%
                Number of reads unmapped: other |	13856
                     % of reads unmapped: other |	0.09%
                                  CHIMERIC READS:
                       Number of chimeric reads |	0
                            % of chimeric reads |	0.00%
