                                 Started job on |	Feb 16 17:53:22
                             Started mapping on |	Feb 16 17:54:06
                                    Finished on |	Feb 16 17:57:52
       Mapping speed, Million of reads per hour |	177.56

                          Number of input reads |	11146951
                      Average input read length |	199
                                    UNIQUE READS:
                   Uniquely mapped reads number |	5977825
                        Uniquely mapped reads % |	53.63%
                          Average mapped length |	198.52
                       Number of splices: Total |	1962206
            Number of splices: Annotated (sjdb) |	1912623
                       Number of splices: GT/AG |	1938511
                       Number of splices: GC/AG |	12935
                       Number of splices: AT/AC |	1298
               Number of splices: Non-canonical |	9462
                      Mismatch rate per base, % |	0.37%
                         Deletion rate per base |	0.01%
                        Deletion average length |	1.80
                        Insertion rate per base |	0.01%
                       Insertion average length |	1.37
                             MULTI-MAPPING READS:
        Number of reads mapped to multiple loci |	5047266
             % of reads mapped to multiple loci |	45.28%
        Number of reads mapped to too many loci |	23065
             % of reads mapped to too many loci |	0.21%
                                  UNMAPPED READS:
  Number of reads unmapped: too many mismatches |	0
       % of reads unmapped: too many mismatches |	0.00%
            Number of reads unmapped: too short |	89258
                 % of reads unmapped: too short |	0.80%
                Number of reads unmapped: other |	9537
                     % of reads unmapped: other |	0.09%
                                  CHIMERIC READS:
                       Number of chimeric reads |	0
                            % of chimeric reads |	0.00%
