                                 Started job on |	Feb 16 15:53:34
                             Started mapping on |	Feb 16 15:54:51
                                    Finished on |	Feb 16 16:00:37
       Mapping speed, Million of reads per hour |	160.96

                          Number of input reads |	15470083
                      Average input read length |	199
                                    UNIQUE READS:
                   Uniquely mapped reads number |	13905409
                        Uniquely mapped reads % |	89.89%
                          Average mapped length |	198.61
                       Number of splices: Total |	2809422
            Number of splices: Annotated (sjdb) |	2731604
                       Number of splices: GT/AG |	2753545
                       Number of splices: GC/AG |	19988
                       Number of splices: AT/AC |	2359
               Number of splices: Non-canonical |	33530
                      Mismatch rate per base, % |	0.18%
                         Deletion rate per base |	0.01%
                        Deletion average length |	1.87
                        Insertion rate per base |	0.01%
                       Insertion average length |	1.55
                             MULTI-MAPPING READS:
        Number of reads mapped to multiple loci |	1040098
             % of reads mapped to multiple loci |	6.72%
        Number of reads mapped to too many loci |	37718
             % of reads mapped to too many loci |	0.24%
                                  UNMAPPED READS:
  Number of reads unmapped: too many mismatches |	0
       % of reads unmapped: too many mismatches |	0.00%
            Number of reads unmapped: too short |	422637
                 % of reads unmapped: too short |	2.73%
                Number of reads unmapped: other |	64221
                     % of reads unmapped: other |	0.42%
                                  CHIMERIC READS:
                       Number of chimeric reads |	0
                            % of chimeric reads |	0.00%
