                                 Started job on |	Feb 16 17:19:29
                             Started mapping on |	Feb 16 17:20:38
                                    Finished on |	Feb 16 17:28:54
       Mapping speed, Million of reads per hour |	145.11

                          Number of input reads |	19992448
                      Average input read length |	198
                                    UNIQUE READS:
                   Uniquely mapped reads number |	11463609
                        Uniquely mapped reads % |	57.34%
                          Average mapped length |	197.98
                       Number of splices: Total |	1545880
            Number of splices: Annotated (sjdb) |	1481905
                       Number of splices: GT/AG |	1500192
                       Number of splices: GC/AG |	12096
                       Number of splices: AT/AC |	1430
               Number of splices: Non-canonical |	32162
                      Mismatch rate per base, % |	0.26%
                         Deletion rate per base |	0.01%
                        Deletion average length |	1.88
                        Insertion rate per base |	0.01%
                       Insertion average length |	1.55
                             MULTI-MAPPING READS:
        Number of reads mapped to multiple loci |	7892599
             % of reads mapped to multiple loci |	39.48%
        Number of reads mapped to too many loci |	59047
             % of reads mapped to too many loci |	0.30%
                                  UNMAPPED READS:
  Number of reads unmapped: too many mismatches |	0
       % of reads unmapped: too many mismatches |	0.00%
            Number of reads unmapped: too short |	496362
                 % of reads unmapped: too short |	2.48%
                Number of reads unmapped: other |	80831
                     % of reads unmapped: other |	0.40%
                                  CHIMERIC READS:
                       Number of chimeric reads |	0
                            % of chimeric reads |	0.00%
