                                 Started job on |	Feb 16 17:29:34
                             Started mapping on |	Feb 16 17:30:26
                                    Finished on |	Feb 16 17:35:44
       Mapping speed, Million of reads per hour |	194.10

                          Number of input reads |	17145352
                      Average input read length |	199
                                    UNIQUE READS:
                   Uniquely mapped reads number |	15512590
                        Uniquely mapped reads % |	90.48%
                          Average mapped length |	198.71
                       Number of splices: Total |	2519766
            Number of splices: Annotated (sjdb) |	2456545
                       Number of splices: GT/AG |	2476566
                       Number of splices: GC/AG |	18323
                       Number of splices: AT/AC |	2084
               Number of splices: Non-canonical |	22793
                      Mismatch rate per base, % |	0.19%
                         Deletion rate per base |	0.01%
                        Deletion average length |	1.88
                        Insertion rate per base |	0.01%
                       Insertion average length |	1.52
                             MULTI-MAPPING READS:
        Number of reads mapped to multiple loci |	1221792
             % of reads mapped to multiple loci |	7.13%
        Number of reads mapped to too many loci |	42368
             % of reads mapped to too many loci |	0.25%
                                  UNMAPPED READS:
  Number of reads unmapped: too many mismatches |	0
       % of reads unmapped: too many mismatches |	0.00%
            Number of reads unmapped: too short |	301800
                 % of reads unmapped: too short |	1.76%
                Number of reads unmapped: other |	66802
                     % of reads unmapped: other |	0.39%
                                  CHIMERIC READS:
                       Number of chimeric reads |	0
                            % of chimeric reads |	0.00%
