                                 Started job on |	Feb 16 18:28:23
                             Started mapping on |	Feb 16 18:29:24
                                    Finished on |	Feb 16 18:35:49
       Mapping speed, Million of reads per hour |	180.66

                          Number of input reads |	19320377
                      Average input read length |	197
                                    UNIQUE READS:
                   Uniquely mapped reads number |	15995069
                        Uniquely mapped reads % |	82.79%
                          Average mapped length |	196.97
                       Number of splices: Total |	3260792
            Number of splices: Annotated (sjdb) |	3177689
                       Number of splices: GT/AG |	3205163
                       Number of splices: GC/AG |	23995
                       Number of splices: AT/AC |	2828
               Number of splices: Non-canonical |	28806
                      Mismatch rate per base, % |	0.22%
                         Deletion rate per base |	0.01%
                        Deletion average length |	1.86
                        Insertion rate per base |	0.01%
                       Insertion average length |	1.49
                             MULTI-MAPPING READS:
        Number of reads mapped to multiple loci |	2812790
             % of reads mapped to multiple loci |	14.56%
        Number of reads mapped to too many loci |	49404
             % of reads mapped to too many loci |	0.26%
                                  UNMAPPED READS:
  Number of reads unmapped: too many mismatches |	0
       % of reads unmapped: too many mismatches |	0.00%
            Number of reads unmapped: too short |	397723
                 % of reads unmapped: too short |	2.06%
                Number of reads unmapped: other |	65391
                     % of reads unmapped: other |	0.34%
                                  CHIMERIC READS:
                       Number of chimeric reads |	0
                            % of chimeric reads |	0.00%
