                                 Started job on |	Feb 16 16:50:55
                             Started mapping on |	Feb 16 16:51:53
                                    Finished on |	Feb 16 16:54:30
       Mapping speed, Million of reads per hour |	351.16

                          Number of input reads |	15314534
                      Average input read length |	199
                                    UNIQUE READS:
                   Uniquely mapped reads number |	14018869
                        Uniquely mapped reads % |	91.54%
                          Average mapped length |	198.93
                       Number of splices: Total |	3559749
            Number of splices: Annotated (sjdb) |	3504892
                       Number of splices: GT/AG |	3519858
                       Number of splices: GC/AG |	25982
                       Number of splices: AT/AC |	3066
               Number of splices: Non-canonical |	10843
                      Mismatch rate per base, % |	0.21%
                         Deletion rate per base |	0.01%
                        Deletion average length |	1.75
                        Insertion rate per base |	0.01%
                       Insertion average length |	1.40
                             MULTI-MAPPING READS:
        Number of reads mapped to multiple loci |	1155900
             % of reads mapped to multiple loci |	7.55%
        Number of reads mapped to too many loci |	16727
             % of reads mapped to too many loci |	0.11%
                                  UNMAPPED READS:
  Number of reads unmapped: too many mismatches |	0
       % of reads unmapped: too many mismatches |	0.00%
            Number of reads unmapped: too short |	108613
                 % of reads unmapped: too short |	0.71%
                Number of reads unmapped: other |	14425
                     % of reads unmapped: other |	0.09%
                                  CHIMERIC READS:
                       Number of chimeric reads |	0
                            % of chimeric reads |	0.00%
