                                 Started job on |	Feb 16 16:26:45
                             Started mapping on |	Feb 16 16:27:38
                                    Finished on |	Feb 16 16:31:05
       Mapping speed, Million of reads per hour |	298.57

                          Number of input reads |	17167796
                      Average input read length |	199
                                    UNIQUE READS:
                   Uniquely mapped reads number |	16137264
                        Uniquely mapped reads % |	94.00%
                          Average mapped length |	198.87
                       Number of splices: Total |	3954802
            Number of splices: Annotated (sjdb) |	3888490
                       Number of splices: GT/AG |	3905300
                       Number of splices: GC/AG |	28726
                       Number of splices: AT/AC |	3370
               Number of splices: Non-canonical |	17406
                      Mismatch rate per base, % |	0.15%
                         Deletion rate per base |	0.01%
                        Deletion average length |	1.78
                        Insertion rate per base |	0.01%
                       Insertion average length |	1.48
                             MULTI-MAPPING READS:
        Number of reads mapped to multiple loci |	743932
             % of reads mapped to multiple loci |	4.33%
        Number of reads mapped to too many loci |	24575
             % of reads mapped to too many loci |	0.14%
                                  UNMAPPED READS:
  Number of reads unmapped: too many mismatches |	0
       % of reads unmapped: too many mismatches |	0.00%
            Number of reads unmapped: too short |	220329
                 % of reads unmapped: too short |	1.28%
                Number of reads unmapped: other |	41696
                     % of reads unmapped: other |	0.24%
                                  CHIMERIC READS:
                       Number of chimeric reads |	0
                            % of chimeric reads |	0.00%
