                                 Started job on |	Feb 16 17:18:16
                             Started mapping on |	Feb 16 17:19:56
                                    Finished on |	Feb 16 17:23:42
       Mapping speed, Million of reads per hour |	328.04

                          Number of input reads |	20593867
                      Average input read length |	199
                                    UNIQUE READS:
                   Uniquely mapped reads number |	19133866
                        Uniquely mapped reads % |	92.91%
                          Average mapped length |	198.81
                       Number of splices: Total |	5094560
            Number of splices: Annotated (sjdb) |	5023009
                       Number of splices: GT/AG |	5042878
                       Number of splices: GC/AG |	37070
                       Number of splices: AT/AC |	4241
               Number of splices: Non-canonical |	10371
                      Mismatch rate per base, % |	0.13%
                         Deletion rate per base |	0.01%
                        Deletion average length |	1.71
                        Insertion rate per base |	0.01%
                       Insertion average length |	1.41
                             MULTI-MAPPING READS:
        Number of reads mapped to multiple loci |	1313850
             % of reads mapped to multiple loci |	6.38%
        Number of reads mapped to too many loci |	17096
             % of reads mapped to too many loci |	0.08%
                                  UNMAPPED READS:
  Number of reads unmapped: too many mismatches |	0
       % of reads unmapped: too many mismatches |	0.00%
            Number of reads unmapped: too short |	111330
                 % of reads unmapped: too short |	0.54%
                Number of reads unmapped: other |	17725
                     % of reads unmapped: other |	0.09%
                                  CHIMERIC READS:
                       Number of chimeric reads |	0
                            % of chimeric reads |	0.00%
