                                 Started job on |	Feb 16 17:06:04
                             Started mapping on |	Feb 16 17:08:01
                                    Finished on |	Feb 16 17:10:28
       Mapping speed, Million of reads per hour |	201.96

                          Number of input reads |	8246735
                      Average input read length |	198
                                    UNIQUE READS:
                   Uniquely mapped reads number |	7546433
                        Uniquely mapped reads % |	91.51%
                          Average mapped length |	198.08
                       Number of splices: Total |	1361618
            Number of splices: Annotated (sjdb) |	1333348
                       Number of splices: GT/AG |	1341676
                       Number of splices: GC/AG |	10337
                       Number of splices: AT/AC |	1041
               Number of splices: Non-canonical |	8564
                      Mismatch rate per base, % |	0.53%
                         Deletion rate per base |	0.01%
                        Deletion average length |	1.78
                        Insertion rate per base |	0.01%
                       Insertion average length |	1.42
                             MULTI-MAPPING READS:
        Number of reads mapped to multiple loci |	411650
             % of reads mapped to multiple loci |	4.99%
        Number of reads mapped to too many loci |	13008
             % of reads mapped to too many loci |	0.16%
                                  UNMAPPED READS:
  Number of reads unmapped: too many mismatches |	0
       % of reads unmapped: too many mismatches |	0.00%
            Number of reads unmapped: too short |	259204
                 % of reads unmapped: too short |	3.14%
                Number of reads unmapped: other |	16440
                     % of reads unmapped: other |	0.20%
                                  CHIMERIC READS:
                       Number of chimeric reads |	0
                            % of chimeric reads |	0.00%
