                                 Started job on |	Feb 16 16:54:00
                             Started mapping on |	Feb 16 16:55:10
                                    Finished on |	Feb 16 17:00:40
       Mapping speed, Million of reads per hour |	260.36

                          Number of input reads |	23866000
                      Average input read length |	199
                                    UNIQUE READS:
                   Uniquely mapped reads number |	12645646
                        Uniquely mapped reads % |	52.99%
                          Average mapped length |	198.27
                       Number of splices: Total |	5839874
            Number of splices: Annotated (sjdb) |	5674333
                       Number of splices: GT/AG |	5772372
                       Number of splices: GC/AG |	37869
                       Number of splices: AT/AC |	3799
               Number of splices: Non-canonical |	25834
                      Mismatch rate per base, % |	0.18%
                         Deletion rate per base |	0.01%
                        Deletion average length |	1.77
                        Insertion rate per base |	0.01%
                       Insertion average length |	1.35
                             MULTI-MAPPING READS:
        Number of reads mapped to multiple loci |	10881787
             % of reads mapped to multiple loci |	45.60%
        Number of reads mapped to too many loci |	48164
             % of reads mapped to too many loci |	0.20%
                                  UNMAPPED READS:
  Number of reads unmapped: too many mismatches |	0
       % of reads unmapped: too many mismatches |	0.00%
            Number of reads unmapped: too short |	279673
                 % of reads unmapped: too short |	1.17%
                Number of reads unmapped: other |	10730
                     % of reads unmapped: other |	0.04%
                                  CHIMERIC READS:
                       Number of chimeric reads |	0
                            % of chimeric reads |	0.00%
