                                 Started job on |	Feb 16 17:41:42
                             Started mapping on |	Feb 16 17:42:34
                                    Finished on |	Feb 16 17:45:04
       Mapping speed, Million of reads per hour |	325.82

                          Number of input reads |	13575744
                      Average input read length |	199
                                    UNIQUE READS:
                   Uniquely mapped reads number |	12390679
                        Uniquely mapped reads % |	91.27%
                          Average mapped length |	198.90
                       Number of splices: Total |	3587085
            Number of splices: Annotated (sjdb) |	3533144
                       Number of splices: GT/AG |	3549854
                       Number of splices: GC/AG |	26004
                       Number of splices: AT/AC |	3078
               Number of splices: Non-canonical |	8149
                      Mismatch rate per base, % |	0.20%
                         Deletion rate per base |	0.01%
                        Deletion average length |	1.75
                        Insertion rate per base |	0.01%
                       Insertion average length |	1.37
                             MULTI-MAPPING READS:
        Number of reads mapped to multiple loci |	1062986
             % of reads mapped to multiple loci |	7.83%
        Number of reads mapped to too many loci |	11994
             % of reads mapped to too many loci |	0.09%
                                  UNMAPPED READS:
  Number of reads unmapped: too many mismatches |	0
       % of reads unmapped: too many mismatches |	0.00%
            Number of reads unmapped: too short |	100223
                 % of reads unmapped: too short |	0.74%
                Number of reads unmapped: other |	9862
                     % of reads unmapped: other |	0.07%
                                  CHIMERIC READS:
                       Number of chimeric reads |	0
                            % of chimeric reads |	0.00%
