                                 Started job on |	Feb 16 18:24:59
                             Started mapping on |	Feb 16 18:26:25
                                    Finished on |	Feb 16 18:29:43
       Mapping speed, Million of reads per hour |	300.50

                          Number of input reads |	16527740
                      Average input read length |	199
                                    UNIQUE READS:
                   Uniquely mapped reads number |	15140507
                        Uniquely mapped reads % |	91.61%
                          Average mapped length |	198.94
                       Number of splices: Total |	4184909
            Number of splices: Annotated (sjdb) |	4123561
                       Number of splices: GT/AG |	4141502
                       Number of splices: GC/AG |	29754
                       Number of splices: AT/AC |	3576
               Number of splices: Non-canonical |	10077
                      Mismatch rate per base, % |	0.14%
                         Deletion rate per base |	0.01%
                        Deletion average length |	1.73
                        Insertion rate per base |	0.01%
                       Insertion average length |	1.41
                             MULTI-MAPPING READS:
        Number of reads mapped to multiple loci |	1198509
             % of reads mapped to multiple loci |	7.25%
        Number of reads mapped to too many loci |	12816
             % of reads mapped to too many loci |	0.08%
                                  UNMAPPED READS:
  Number of reads unmapped: too many mismatches |	0
       % of reads unmapped: too many mismatches |	0.00%
            Number of reads unmapped: too short |	159034
                 % of reads unmapped: too short |	0.96%
                Number of reads unmapped: other |	16874
                     % of reads unmapped: other |	0.10%
                                  CHIMERIC READS:
                       Number of chimeric reads |	0
                            % of chimeric reads |	0.00%
