                                 Started job on |	Feb 16 18:18:19
                             Started mapping on |	Feb 16 18:19:21
                                    Finished on |	Feb 16 18:21:47
       Mapping speed, Million of reads per hour |	325.00

                          Number of input reads |	13180489
                      Average input read length |	198
                                    UNIQUE READS:
                   Uniquely mapped reads number |	12344839
                        Uniquely mapped reads % |	93.66%
                          Average mapped length |	198.52
                       Number of splices: Total |	3483416
            Number of splices: Annotated (sjdb) |	3434439
                       Number of splices: GT/AG |	3445698
                       Number of splices: GC/AG |	26045
                       Number of splices: AT/AC |	2982
               Number of splices: Non-canonical |	8691
                      Mismatch rate per base, % |	0.13%
                         Deletion rate per base |	0.01%
                        Deletion average length |	1.73
                        Insertion rate per base |	0.01%
                       Insertion average length |	1.36
                             MULTI-MAPPING READS:
        Number of reads mapped to multiple loci |	674424
             % of reads mapped to multiple loci |	5.12%
        Number of reads mapped to too many loci |	12346
             % of reads mapped to too many loci |	0.09%
                                  UNMAPPED READS:
  Number of reads unmapped: too many mismatches |	0
       % of reads unmapped: too many mismatches |	0.00%
            Number of reads unmapped: too short |	133101
                 % of reads unmapped: too short |	1.01%
                Number of reads unmapped: other |	15779
                     % of reads unmapped: other |	0.12%
                                  CHIMERIC READS:
                       Number of chimeric reads |	0
                            % of chimeric reads |	0.00%
