                                 Started job on |	Feb 16 18:27:47
                             Started mapping on |	Feb 16 18:28:45
                                    Finished on |	Feb 16 18:34:42
       Mapping speed, Million of reads per hour |	232.61

                          Number of input reads |	23067366
                      Average input read length |	199
                                    UNIQUE READS:
                   Uniquely mapped reads number |	20566644
                        Uniquely mapped reads % |	89.16%
                          Average mapped length |	198.81
                       Number of splices: Total |	4184704
            Number of splices: Annotated (sjdb) |	4100932
                       Number of splices: GT/AG |	4126543
                       Number of splices: GC/AG |	30331
                       Number of splices: AT/AC |	3392
               Number of splices: Non-canonical |	24438
                      Mismatch rate per base, % |	0.21%
                         Deletion rate per base |	0.01%
                        Deletion average length |	1.82
                        Insertion rate per base |	0.01%
                       Insertion average length |	1.44
                             MULTI-MAPPING READS:
        Number of reads mapped to multiple loci |	2123874
             % of reads mapped to multiple loci |	9.21%
        Number of reads mapped to too many loci |	40105
             % of reads mapped to too many loci |	0.17%
                                  UNMAPPED READS:
  Number of reads unmapped: too many mismatches |	0
       % of reads unmapped: too many mismatches |	0.00%
            Number of reads unmapped: too short |	283793
                 % of reads unmapped: too short |	1.23%
                Number of reads unmapped: other |	52950
                     % of reads unmapped: other |	0.23%
                                  CHIMERIC READS:
                       Number of chimeric reads |	0
                            % of chimeric reads |	0.00%
