                                 Started job on |	Feb 16 17:00:01
                             Started mapping on |	Feb 16 17:01:00
                                    Finished on |	Feb 16 17:05:30
       Mapping speed, Million of reads per hour |	297.03

                          Number of input reads |	22277124
                      Average input read length |	198
                                    UNIQUE READS:
                   Uniquely mapped reads number |	19416230
                        Uniquely mapped reads % |	87.16%
                          Average mapped length |	198.67
                       Number of splices: Total |	5782904
            Number of splices: Annotated (sjdb) |	5688081
                       Number of splices: GT/AG |	5721197
                       Number of splices: GC/AG |	40633
                       Number of splices: AT/AC |	4791
               Number of splices: Non-canonical |	16283
                      Mismatch rate per base, % |	0.31%
                         Deletion rate per base |	0.01%
                        Deletion average length |	1.75
                        Insertion rate per base |	0.01%
                       Insertion average length |	1.40
                             MULTI-MAPPING READS:
        Number of reads mapped to multiple loci |	2657212
             % of reads mapped to multiple loci |	11.93%
        Number of reads mapped to too many loci |	27330
             % of reads mapped to too many loci |	0.12%
                                  UNMAPPED READS:
  Number of reads unmapped: too many mismatches |	0
       % of reads unmapped: too many mismatches |	0.00%
            Number of reads unmapped: too short |	159677
                 % of reads unmapped: too short |	0.72%
                Number of reads unmapped: other |	16675
                     % of reads unmapped: other |	0.07%
                                  CHIMERIC READS:
                       Number of chimeric reads |	0
                            % of chimeric reads |	0.00%
