                                 Started job on |	Feb 16 17:40:21
                             Started mapping on |	Feb 16 17:41:27
                                    Finished on |	Feb 16 17:44:34
       Mapping speed, Million of reads per hour |	312.07

                          Number of input reads |	16210232
                      Average input read length |	199
                                    UNIQUE READS:
                   Uniquely mapped reads number |	14689820
                        Uniquely mapped reads % |	90.62%
                          Average mapped length |	198.91
                       Number of splices: Total |	3088806
            Number of splices: Annotated (sjdb) |	3031788
                       Number of splices: GT/AG |	3049672
                       Number of splices: GC/AG |	22831
                       Number of splices: AT/AC |	2606
               Number of splices: Non-canonical |	13697
                      Mismatch rate per base, % |	0.20%
                         Deletion rate per base |	0.01%
                        Deletion average length |	1.78
                        Insertion rate per base |	0.01%
                       Insertion average length |	1.42
                             MULTI-MAPPING READS:
        Number of reads mapped to multiple loci |	1342452
             % of reads mapped to multiple loci |	8.28%
        Number of reads mapped to too many loci |	20885
             % of reads mapped to too many loci |	0.13%
                                  UNMAPPED READS:
  Number of reads unmapped: too many mismatches |	0
       % of reads unmapped: too many mismatches |	0.00%
            Number of reads unmapped: too short |	133960
                 % of reads unmapped: too short |	0.83%
                Number of reads unmapped: other |	23115
                     % of reads unmapped: other |	0.14%
                                  CHIMERIC READS:
                       Number of chimeric reads |	0
                            % of chimeric reads |	0.00%
