                                 Started job on |	Feb 16 18:18:19
                             Started mapping on |	Feb 16 18:19:21
                                    Finished on |	Feb 16 18:28:01
       Mapping speed, Million of reads per hour |	183.64

                          Number of input reads |	26525169
                      Average input read length |	198
                                    UNIQUE READS:
                   Uniquely mapped reads number |	7377991
                        Uniquely mapped reads % |	27.82%
                          Average mapped length |	198.07
                       Number of splices: Total |	2336582
            Number of splices: Annotated (sjdb) |	2303020
                       Number of splices: GT/AG |	2313822
                       Number of splices: GC/AG |	8835
                       Number of splices: AT/AC |	998
               Number of splices: Non-canonical |	12927
                      Mismatch rate per base, % |	0.25%
                         Deletion rate per base |	0.03%
                        Deletion average length |	1.18
                        Insertion rate per base |	0.01%
                       Insertion average length |	1.27
                             MULTI-MAPPING READS:
        Number of reads mapped to multiple loci |	18952230
             % of reads mapped to multiple loci |	71.45%
        Number of reads mapped to too many loci |	76655
             % of reads mapped to too many loci |	0.29%
                                  UNMAPPED READS:
  Number of reads unmapped: too many mismatches |	0
       % of reads unmapped: too many mismatches |	0.00%
            Number of reads unmapped: too short |	115299
                 % of reads unmapped: too short |	0.43%
                Number of reads unmapped: other |	2994
                     % of reads unmapped: other |	0.01%
                                  CHIMERIC READS:
                       Number of chimeric reads |	0
                            % of chimeric reads |	0.00%
