                                 Started job on |	Feb 16 18:30:52
                             Started mapping on |	Feb 16 18:33:21
                                    Finished on |	Feb 16 18:36:58
       Mapping speed, Million of reads per hour |	344.53

                          Number of input reads |	20767539
                      Average input read length |	199
                                    UNIQUE READS:
                   Uniquely mapped reads number |	19135568
                        Uniquely mapped reads % |	92.14%
                          Average mapped length |	198.85
                       Number of splices: Total |	4265500
            Number of splices: Annotated (sjdb) |	4194532
                       Number of splices: GT/AG |	4216340
                       Number of splices: GC/AG |	31561
                       Number of splices: AT/AC |	3525
               Number of splices: Non-canonical |	14074
                      Mismatch rate per base, % |	0.32%
                         Deletion rate per base |	0.01%
                        Deletion average length |	1.80
                        Insertion rate per base |	0.01%
                       Insertion average length |	1.41
                             MULTI-MAPPING READS:
        Number of reads mapped to multiple loci |	1449473
             % of reads mapped to multiple loci |	6.98%
        Number of reads mapped to too many loci |	21881
             % of reads mapped to too many loci |	0.11%
                                  UNMAPPED READS:
  Number of reads unmapped: too many mismatches |	0
       % of reads unmapped: too many mismatches |	0.00%
            Number of reads unmapped: too short |	142143
                 % of reads unmapped: too short |	0.68%
                Number of reads unmapped: other |	18474
                     % of reads unmapped: other |	0.09%
                                  CHIMERIC READS:
                       Number of chimeric reads |	0
                            % of chimeric reads |	0.00%
