                                 Started job on |	Feb 16 17:35:57
                             Started mapping on |	Feb 16 17:36:53
                                    Finished on |	Feb 16 17:41:24
       Mapping speed, Million of reads per hour |	278.24

                          Number of input reads |	20944966
                      Average input read length |	199
                                    UNIQUE READS:
                   Uniquely mapped reads number |	16276585
                        Uniquely mapped reads % |	77.71%
                          Average mapped length |	198.67
                       Number of splices: Total |	4097853
            Number of splices: Annotated (sjdb) |	3985228
                       Number of splices: GT/AG |	4047582
                       Number of splices: GC/AG |	30049
                       Number of splices: AT/AC |	3056
               Number of splices: Non-canonical |	17166
                      Mismatch rate per base, % |	0.20%
                         Deletion rate per base |	0.01%
                        Deletion average length |	1.69
                        Insertion rate per base |	0.01%
                       Insertion average length |	1.32
                             MULTI-MAPPING READS:
        Number of reads mapped to multiple loci |	4448876
             % of reads mapped to multiple loci |	21.24%
        Number of reads mapped to too many loci |	35706
             % of reads mapped to too many loci |	0.17%
                                  UNMAPPED READS:
  Number of reads unmapped: too many mismatches |	0
       % of reads unmapped: too many mismatches |	0.00%
            Number of reads unmapped: too short |	169547
                 % of reads unmapped: too short |	0.81%
                Number of reads unmapped: other |	14252
                     % of reads unmapped: other |	0.07%
                                  CHIMERIC READS:
                       Number of chimeric reads |	0
                            % of chimeric reads |	0.00%
