                                 Started job on |	Feb 16 17:53:22
                             Started mapping on |	Feb 16 17:54:06
                                    Finished on |	Feb 16 17:56:53
       Mapping speed, Million of reads per hour |	232.14

                          Number of input reads |	10768758
                      Average input read length |	199
                                    UNIQUE READS:
                   Uniquely mapped reads number |	9143282
                        Uniquely mapped reads % |	84.91%
                          Average mapped length |	198.81
                       Number of splices: Total |	2563543
            Number of splices: Annotated (sjdb) |	2519408
                       Number of splices: GT/AG |	2532744
                       Number of splices: GC/AG |	17989
                       Number of splices: AT/AC |	2108
               Number of splices: Non-canonical |	10702
                      Mismatch rate per base, % |	0.21%
                         Deletion rate per base |	0.01%
                        Deletion average length |	1.76
                        Insertion rate per base |	0.01%
                       Insertion average length |	1.41
                             MULTI-MAPPING READS:
        Number of reads mapped to multiple loci |	1456020
             % of reads mapped to multiple loci |	13.52%
        Number of reads mapped to too many loci |	18231
             % of reads mapped to too many loci |	0.17%
                                  UNMAPPED READS:
  Number of reads unmapped: too many mismatches |	0
       % of reads unmapped: too many mismatches |	0.00%
            Number of reads unmapped: too short |	134914
                 % of reads unmapped: too short |	1.25%
                Number of reads unmapped: other |	16311
                     % of reads unmapped: other |	0.15%
                                  CHIMERIC READS:
                       Number of chimeric reads |	0
                            % of chimeric reads |	0.00%
