                                 Started job on |	Feb 16 17:15:06
                             Started mapping on |	Feb 16 17:16:04
                                    Finished on |	Feb 16 17:19:20
       Mapping speed, Million of reads per hour |	417.10

                          Number of input reads |	22708793
                      Average input read length |	199
                                    UNIQUE READS:
                   Uniquely mapped reads number |	20733874
                        Uniquely mapped reads % |	91.30%
                          Average mapped length |	198.87
                       Number of splices: Total |	5746956
            Number of splices: Annotated (sjdb) |	5665696
                       Number of splices: GT/AG |	5688367
                       Number of splices: GC/AG |	41254
                       Number of splices: AT/AC |	4753
               Number of splices: Non-canonical |	12582
                      Mismatch rate per base, % |	0.13%
                         Deletion rate per base |	0.01%
                        Deletion average length |	1.71
                        Insertion rate per base |	0.01%
                       Insertion average length |	1.41
                             MULTI-MAPPING READS:
        Number of reads mapped to multiple loci |	1801918
             % of reads mapped to multiple loci |	7.93%
        Number of reads mapped to too many loci |	22861
             % of reads mapped to too many loci |	0.10%
                                  UNMAPPED READS:
  Number of reads unmapped: too many mismatches |	0
       % of reads unmapped: too many mismatches |	0.00%
            Number of reads unmapped: too short |	128843
                 % of reads unmapped: too short |	0.57%
                Number of reads unmapped: other |	21297
                     % of reads unmapped: other |	0.09%
                                  CHIMERIC READS:
                       Number of chimeric reads |	0
                            % of chimeric reads |	0.00%
