                                 Started job on |	Feb 16 18:13:13
                             Started mapping on |	Feb 16 18:14:24
                                    Finished on |	Feb 16 18:24:10
       Mapping speed, Million of reads per hour |	123.40

                          Number of input reads |	20086236
                      Average input read length |	199
                                    UNIQUE READS:
                   Uniquely mapped reads number |	17710844
                        Uniquely mapped reads % |	88.17%
                          Average mapped length |	198.14
                       Number of splices: Total |	1431954
            Number of splices: Annotated (sjdb) |	1330137
                       Number of splices: GT/AG |	1357328
                       Number of splices: GC/AG |	10782
                       Number of splices: AT/AC |	1269
               Number of splices: Non-canonical |	62575
                      Mismatch rate per base, % |	0.24%
                         Deletion rate per base |	0.01%
                        Deletion average length |	2.07
                        Insertion rate per base |	0.01%
                       Insertion average length |	1.78
                             MULTI-MAPPING READS:
        Number of reads mapped to multiple loci |	1106460
             % of reads mapped to multiple loci |	5.51%
        Number of reads mapped to too many loci |	98768
             % of reads mapped to too many loci |	0.49%
                                  UNMAPPED READS:
  Number of reads unmapped: too many mismatches |	0
       % of reads unmapped: too many mismatches |	0.00%
            Number of reads unmapped: too short |	992525
                 % of reads unmapped: too short |	4.94%
                Number of reads unmapped: other |	177639
                     % of reads unmapped: other |	0.88%
                                  CHIMERIC READS:
                       Number of chimeric reads |	0
                            % of chimeric reads |	0.00%
