                                 Started job on |	Feb 16 17:28:21
                             Started mapping on |	Feb 16 17:30:13
                                    Finished on |	Feb 16 17:32:44
       Mapping speed, Million of reads per hour |	289.79

                          Number of input reads |	12155024
                      Average input read length |	199
                                    UNIQUE READS:
                   Uniquely mapped reads number |	11518943
                        Uniquely mapped reads % |	94.77%
                          Average mapped length |	198.95
                       Number of splices: Total |	2921674
            Number of splices: Annotated (sjdb) |	2877678
                       Number of splices: GT/AG |	2889116
                       Number of splices: GC/AG |	21483
                       Number of splices: AT/AC |	2563
               Number of splices: Non-canonical |	8512
                      Mismatch rate per base, % |	0.18%
                         Deletion rate per base |	0.01%
                        Deletion average length |	1.77
                        Insertion rate per base |	0.01%
                       Insertion average length |	1.45
                             MULTI-MAPPING READS:
        Number of reads mapped to multiple loci |	514495
             % of reads mapped to multiple loci |	4.23%
        Number of reads mapped to too many loci |	11047
             % of reads mapped to too many loci |	0.09%
                                  UNMAPPED READS:
  Number of reads unmapped: too many mismatches |	0
       % of reads unmapped: too many mismatches |	0.00%
            Number of reads unmapped: too short |	93739
                 % of reads unmapped: too short |	0.77%
                Number of reads unmapped: other |	16800
                     % of reads unmapped: other |	0.14%
                                  CHIMERIC READS:
                       Number of chimeric reads |	0
                            % of chimeric reads |	0.00%
