                                 Started job on |	Feb 16 17:34:27
                             Started mapping on |	Feb 16 17:36:01
                                    Finished on |	Feb 16 17:38:46
       Mapping speed, Million of reads per hour |	320.96

                          Number of input reads |	14710759
                      Average input read length |	199
                                    UNIQUE READS:
                   Uniquely mapped reads number |	13708080
                        Uniquely mapped reads % |	93.18%
                          Average mapped length |	198.92
                       Number of splices: Total |	3560837
            Number of splices: Annotated (sjdb) |	3507073
                       Number of splices: GT/AG |	3522379
                       Number of splices: GC/AG |	25077
                       Number of splices: AT/AC |	3079
               Number of splices: Non-canonical |	10302
                      Mismatch rate per base, % |	0.17%
                         Deletion rate per base |	0.01%
                        Deletion average length |	1.76
                        Insertion rate per base |	0.01%
                       Insertion average length |	1.43
                             MULTI-MAPPING READS:
        Number of reads mapped to multiple loci |	867692
             % of reads mapped to multiple loci |	5.90%
        Number of reads mapped to too many loci |	13761
             % of reads mapped to too many loci |	0.09%
                                  UNMAPPED READS:
  Number of reads unmapped: too many mismatches |	0
       % of reads unmapped: too many mismatches |	0.00%
            Number of reads unmapped: too short |	105244
                 % of reads unmapped: too short |	0.72%
                Number of reads unmapped: other |	15982
                     % of reads unmapped: other |	0.11%
                                  CHIMERIC READS:
                       Number of chimeric reads |	0
                            % of chimeric reads |	0.00%
