                                 Started job on |	Feb 16 16:38:49
                             Started mapping on |	Feb 16 16:39:22
                                    Finished on |	Feb 16 16:41:14
       Mapping speed, Million of reads per hour |	352.16

                          Number of input reads |	10956173
                      Average input read length |	198
                                    UNIQUE READS:
                   Uniquely mapped reads number |	9986748
                        Uniquely mapped reads % |	91.15%
                          Average mapped length |	198.23
                       Number of splices: Total |	2316819
            Number of splices: Annotated (sjdb) |	2274399
                       Number of splices: GT/AG |	2290213
                       Number of splices: GC/AG |	17038
                       Number of splices: AT/AC |	1998
               Number of splices: Non-canonical |	7570
                      Mismatch rate per base, % |	0.14%
                         Deletion rate per base |	0.01%
                        Deletion average length |	1.73
                        Insertion rate per base |	0.01%
                       Insertion average length |	1.35
                             MULTI-MAPPING READS:
        Number of reads mapped to multiple loci |	842867
             % of reads mapped to multiple loci |	7.69%
        Number of reads mapped to too many loci |	11875
             % of reads mapped to too many loci |	0.11%
                                  UNMAPPED READS:
  Number of reads unmapped: too many mismatches |	0
       % of reads unmapped: too many mismatches |	0.00%
            Number of reads unmapped: too short |	99997
                 % of reads unmapped: too short |	0.91%
                Number of reads unmapped: other |	14686
                     % of reads unmapped: other |	0.13%
                                  CHIMERIC READS:
                       Number of chimeric reads |	0
                            % of chimeric reads |	0.00%
