                                 Started job on |	Feb 16 17:33:25
                             Started mapping on |	Feb 16 17:34:20
                                    Finished on |	Feb 16 17:40:12
       Mapping speed, Million of reads per hour |	218.05

                          Number of input reads |	21320897
                      Average input read length |	199
                                    UNIQUE READS:
                   Uniquely mapped reads number |	19123330
                        Uniquely mapped reads % |	89.69%
                          Average mapped length |	198.76
                       Number of splices: Total |	3671500
            Number of splices: Annotated (sjdb) |	3583991
                       Number of splices: GT/AG |	3610410
                       Number of splices: GC/AG |	27450
                       Number of splices: AT/AC |	3089
               Number of splices: Non-canonical |	30551
                      Mismatch rate per base, % |	0.19%
                         Deletion rate per base |	0.01%
                        Deletion average length |	1.87
                        Insertion rate per base |	0.01%
                       Insertion average length |	1.50
                             MULTI-MAPPING READS:
        Number of reads mapped to multiple loci |	1706777
             % of reads mapped to multiple loci |	8.01%
        Number of reads mapped to too many loci |	46948
             % of reads mapped to too many loci |	0.22%
                                  UNMAPPED READS:
  Number of reads unmapped: too many mismatches |	0
       % of reads unmapped: too many mismatches |	0.00%
            Number of reads unmapped: too short |	381382
                 % of reads unmapped: too short |	1.79%
                Number of reads unmapped: other |	62460
                     % of reads unmapped: other |	0.29%
                                  CHIMERIC READS:
                       Number of chimeric reads |	0
                            % of chimeric reads |	0.00%
