                                 Started job on |	Feb 16 16:59:57
                             Started mapping on |	Feb 16 17:00:42
                                    Finished on |	Feb 16 17:13:39
       Mapping speed, Million of reads per hour |	205.42

                          Number of input reads |	44336722
                      Average input read length |	198
                                    UNIQUE READS:
                   Uniquely mapped reads number |	9813969
                        Uniquely mapped reads % |	22.14%
                          Average mapped length |	198.21
                       Number of splices: Total |	2401620
            Number of splices: Annotated (sjdb) |	2372185
                       Number of splices: GT/AG |	2378536
                       Number of splices: GC/AG |	2943
                       Number of splices: AT/AC |	320
               Number of splices: Non-canonical |	19821
                      Mismatch rate per base, % |	0.33%
                         Deletion rate per base |	0.05%
                        Deletion average length |	1.13
                        Insertion rate per base |	0.00%
                       Insertion average length |	1.21
                             MULTI-MAPPING READS:
        Number of reads mapped to multiple loci |	34191682
             % of reads mapped to multiple loci |	77.12%
        Number of reads mapped to too many loci |	153116
             % of reads mapped to too many loci |	0.35%
                                  UNMAPPED READS:
  Number of reads unmapped: too many mismatches |	0
       % of reads unmapped: too many mismatches |	0.00%
            Number of reads unmapped: too short |	172825
                 % of reads unmapped: too short |	0.39%
                Number of reads unmapped: other |	5130
                     % of reads unmapped: other |	0.01%
                                  CHIMERIC READS:
                       Number of chimeric reads |	0
                            % of chimeric reads |	0.00%
