                                 Started job on |	Feb 16 15:59:40
                             Started mapping on |	Feb 16 16:00:42
                                    Finished on |	Feb 16 16:10:46
       Mapping speed, Million of reads per hour |	169.75

                          Number of input reads |	28479865
                      Average input read length |	198
                                    UNIQUE READS:
                   Uniquely mapped reads number |	10717494
                        Uniquely mapped reads % |	37.63%
                          Average mapped length |	197.78
                       Number of splices: Total |	2004040
            Number of splices: Annotated (sjdb) |	1942201
                       Number of splices: GT/AG |	1959704
                       Number of splices: GC/AG |	14961
                       Number of splices: AT/AC |	1701
               Number of splices: Non-canonical |	27674
                      Mismatch rate per base, % |	0.24%
                         Deletion rate per base |	0.01%
                        Deletion average length |	1.87
                        Insertion rate per base |	0.01%
                       Insertion average length |	1.53
                             MULTI-MAPPING READS:
        Number of reads mapped to multiple loci |	17213255
             % of reads mapped to multiple loci |	60.44%
        Number of reads mapped to too many loci |	62081
             % of reads mapped to too many loci |	0.22%
                                  UNMAPPED READS:
  Number of reads unmapped: too many mismatches |	0
       % of reads unmapped: too many mismatches |	0.00%
            Number of reads unmapped: too short |	416577
                 % of reads unmapped: too short |	1.46%
                Number of reads unmapped: other |	70458
                     % of reads unmapped: other |	0.25%
                                  CHIMERIC READS:
                       Number of chimeric reads |	0
                            % of chimeric reads |	0.00%
