                                 Started job on |	Feb 16 17:06:04
                             Started mapping on |	Feb 16 17:08:01
                                    Finished on |	Feb 16 17:11:30
       Mapping speed, Million of reads per hour |	299.62

                          Number of input reads |	17394505
                      Average input read length |	199
                                    UNIQUE READS:
                   Uniquely mapped reads number |	15648928
                        Uniquely mapped reads % |	89.96%
                          Average mapped length |	198.71
                       Number of splices: Total |	8690018
            Number of splices: Annotated (sjdb) |	8598858
                       Number of splices: GT/AG |	8616694
                       Number of splices: GC/AG |	57423
                       Number of splices: AT/AC |	7136
               Number of splices: Non-canonical |	8765
                      Mismatch rate per base, % |	0.12%
                         Deletion rate per base |	0.01%
                        Deletion average length |	1.64
                        Insertion rate per base |	0.01%
                       Insertion average length |	1.43
                             MULTI-MAPPING READS:
        Number of reads mapped to multiple loci |	1619229
             % of reads mapped to multiple loci |	9.31%
        Number of reads mapped to too many loci |	12008
             % of reads mapped to too many loci |	0.07%
                                  UNMAPPED READS:
  Number of reads unmapped: too many mismatches |	0
       % of reads unmapped: too many mismatches |	0.00%
            Number of reads unmapped: too short |	109586
                 % of reads unmapped: too short |	0.63%
                Number of reads unmapped: other |	4754
                     % of reads unmapped: other |	0.03%
                                  CHIMERIC READS:
                       Number of chimeric reads |	0
                            % of chimeric reads |	0.00%
