                                 Started job on |	Feb 16 17:09:02
                             Started mapping on |	Feb 16 17:10:05
                                    Finished on |	Feb 16 17:17:32
       Mapping speed, Million of reads per hour |	147.54

                          Number of input reads |	18318945
                      Average input read length |	199
                                    UNIQUE READS:
                   Uniquely mapped reads number |	16361844
                        Uniquely mapped reads % |	89.32%
                          Average mapped length |	198.50
                       Number of splices: Total |	2486585
            Number of splices: Annotated (sjdb) |	2394768
                       Number of splices: GT/AG |	2417270
                       Number of splices: GC/AG |	18150
                       Number of splices: AT/AC |	2212
               Number of splices: Non-canonical |	48953
                      Mismatch rate per base, % |	0.21%
                         Deletion rate per base |	0.01%
                        Deletion average length |	2.01
                        Insertion rate per base |	0.01%
                       Insertion average length |	1.67
                             MULTI-MAPPING READS:
        Number of reads mapped to multiple loci |	1066793
             % of reads mapped to multiple loci |	5.82%
        Number of reads mapped to too many loci |	60727
             % of reads mapped to too many loci |	0.33%
                                  UNMAPPED READS:
  Number of reads unmapped: too many mismatches |	0
       % of reads unmapped: too many mismatches |	0.00%
            Number of reads unmapped: too short |	708296
                 % of reads unmapped: too short |	3.87%
                Number of reads unmapped: other |	121285
                     % of reads unmapped: other |	0.66%
                                  CHIMERIC READS:
                       Number of chimeric reads |	0
                            % of chimeric reads |	0.00%
