                                 Started job on |	Feb 16 17:26:07
                             Started mapping on |	Feb 16 17:27:14
                                    Finished on |	Feb 16 17:30:01
       Mapping speed, Million of reads per hour |	404.51

                          Number of input reads |	18764869
                      Average input read length |	199
                                    UNIQUE READS:
                   Uniquely mapped reads number |	17737252
                        Uniquely mapped reads % |	94.52%
                          Average mapped length |	198.99
                       Number of splices: Total |	4440999
            Number of splices: Annotated (sjdb) |	4376894
                       Number of splices: GT/AG |	4394311
                       Number of splices: GC/AG |	32925
                       Number of splices: AT/AC |	3777
               Number of splices: Non-canonical |	9986
                      Mismatch rate per base, % |	0.14%
                         Deletion rate per base |	0.01%
                        Deletion average length |	1.74
                        Insertion rate per base |	0.01%
                       Insertion average length |	1.42
                             MULTI-MAPPING READS:
        Number of reads mapped to multiple loci |	913325
             % of reads mapped to multiple loci |	4.87%
        Number of reads mapped to too many loci |	15336
             % of reads mapped to too many loci |	0.08%
                                  UNMAPPED READS:
  Number of reads unmapped: too many mismatches |	0
       % of reads unmapped: too many mismatches |	0.00%
            Number of reads unmapped: too short |	80412
                 % of reads unmapped: too short |	0.43%
                Number of reads unmapped: other |	18544
                     % of reads unmapped: other |	0.10%
                                  CHIMERIC READS:
                       Number of chimeric reads |	0
                            % of chimeric reads |	0.00%
