                                 Started job on |	Feb 16 18:23:21
                             Started mapping on |	Feb 16 18:25:04
                                    Finished on |	Feb 16 18:27:36
       Mapping speed, Million of reads per hour |	410.68

                          Number of input reads |	17339637
                      Average input read length |	199
                                    UNIQUE READS:
                   Uniquely mapped reads number |	16418980
                        Uniquely mapped reads % |	94.69%
                          Average mapped length |	199.01
                       Number of splices: Total |	3251064
            Number of splices: Annotated (sjdb) |	3197219
                       Number of splices: GT/AG |	3214196
                       Number of splices: GC/AG |	24281
                       Number of splices: AT/AC |	2787
               Number of splices: Non-canonical |	9800
                      Mismatch rate per base, % |	0.17%
                         Deletion rate per base |	0.01%
                        Deletion average length |	1.74
                        Insertion rate per base |	0.01%
                       Insertion average length |	1.42
                             MULTI-MAPPING READS:
        Number of reads mapped to multiple loci |	772729
             % of reads mapped to multiple loci |	4.46%
        Number of reads mapped to too many loci |	14941
             % of reads mapped to too many loci |	0.09%
                                  UNMAPPED READS:
  Number of reads unmapped: too many mismatches |	0
       % of reads unmapped: too many mismatches |	0.00%
            Number of reads unmapped: too short |	114546
                 % of reads unmapped: too short |	0.66%
                Number of reads unmapped: other |	18441
                     % of reads unmapped: other |	0.11%
                                  CHIMERIC READS:
                       Number of chimeric reads |	0
                            % of chimeric reads |	0.00%
