                                 Started job on |	Feb 16 16:56:56
                             Started mapping on |	Feb 16 16:57:38
                                    Finished on |	Feb 16 17:01:41
       Mapping speed, Million of reads per hour |	243.66

                          Number of input reads |	16446835
                      Average input read length |	199
                                    UNIQUE READS:
                   Uniquely mapped reads number |	14388542
                        Uniquely mapped reads % |	87.49%
                          Average mapped length |	198.91
                       Number of splices: Total |	3181700
            Number of splices: Annotated (sjdb) |	3121612
                       Number of splices: GT/AG |	3142981
                       Number of splices: GC/AG |	23261
                       Number of splices: AT/AC |	2443
               Number of splices: Non-canonical |	13015
                      Mismatch rate per base, % |	0.27%
                         Deletion rate per base |	0.01%
                        Deletion average length |	1.78
                        Insertion rate per base |	0.01%
                       Insertion average length |	1.41
                             MULTI-MAPPING READS:
        Number of reads mapped to multiple loci |	1877492
             % of reads mapped to multiple loci |	11.42%
        Number of reads mapped to too many loci |	25478
             % of reads mapped to too many loci |	0.15%
                                  UNMAPPED READS:
  Number of reads unmapped: too many mismatches |	0
       % of reads unmapped: too many mismatches |	0.00%
            Number of reads unmapped: too short |	137173
                 % of reads unmapped: too short |	0.83%
                Number of reads unmapped: other |	18150
                     % of reads unmapped: other |	0.11%
                                  CHIMERIC READS:
                       Number of chimeric reads |	0
                            % of chimeric reads |	0.00%
