                                 Started job on |	Feb 16 16:38:52
                             Started mapping on |	Feb 16 16:39:41
                                    Finished on |	Feb 16 16:46:15
       Mapping speed, Million of reads per hour |	163.29

                          Number of input reads |	17870719
                      Average input read length |	198
                                    UNIQUE READS:
                   Uniquely mapped reads number |	15609903
                        Uniquely mapped reads % |	87.35%
                          Average mapped length |	197.84
                       Number of splices: Total |	2391980
            Number of splices: Annotated (sjdb) |	2306922
                       Number of splices: GT/AG |	2333110
                       Number of splices: GC/AG |	17721
                       Number of splices: AT/AC |	2049
               Number of splices: Non-canonical |	39100
                      Mismatch rate per base, % |	0.28%
                         Deletion rate per base |	0.01%
                        Deletion average length |	1.93
                        Insertion rate per base |	0.01%
                       Insertion average length |	1.60
                             MULTI-MAPPING READS:
        Number of reads mapped to multiple loci |	1373305
             % of reads mapped to multiple loci |	7.68%
        Number of reads mapped to too many loci |	72015
             % of reads mapped to too many loci |	0.40%
                                  UNMAPPED READS:
  Number of reads unmapped: too many mismatches |	0
       % of reads unmapped: too many mismatches |	0.00%
            Number of reads unmapped: too short |	707009
                 % of reads unmapped: too short |	3.96%
                Number of reads unmapped: other |	108487
                     % of reads unmapped: other |	0.61%
                                  CHIMERIC READS:
                       Number of chimeric reads |	0
                            % of chimeric reads |	0.00%
