                                 Started job on |	Feb 16 17:06:04
                             Started mapping on |	Feb 16 17:08:01
                                    Finished on |	Feb 16 17:11:58
       Mapping speed, Million of reads per hour |	326.69

                          Number of input reads |	21507187
                      Average input read length |	199
                                    UNIQUE READS:
                   Uniquely mapped reads number |	19757790
                        Uniquely mapped reads % |	91.87%
                          Average mapped length |	198.80
                       Number of splices: Total |	4687387
            Number of splices: Annotated (sjdb) |	4608197
                       Number of splices: GT/AG |	4635293
                       Number of splices: GC/AG |	34044
                       Number of splices: AT/AC |	3741
               Number of splices: Non-canonical |	14309
                      Mismatch rate per base, % |	0.16%
                         Deletion rate per base |	0.01%
                        Deletion average length |	1.77
                        Insertion rate per base |	0.01%
                       Insertion average length |	1.43
                             MULTI-MAPPING READS:
        Number of reads mapped to multiple loci |	1562391
             % of reads mapped to multiple loci |	7.26%
        Number of reads mapped to too many loci |	22075
             % of reads mapped to too many loci |	0.10%
                                  UNMAPPED READS:
  Number of reads unmapped: too many mismatches |	0
       % of reads unmapped: too many mismatches |	0.00%
            Number of reads unmapped: too short |	141765
                 % of reads unmapped: too short |	0.66%
                Number of reads unmapped: other |	23166
                     % of reads unmapped: other |	0.11%
                                  CHIMERIC READS:
                       Number of chimeric reads |	0
                            % of chimeric reads |	0.00%
