                                 Started job on |	Feb 16 17:41:34
                             Started mapping on |	Feb 16 17:42:05
                                    Finished on |	Feb 16 17:48:20
       Mapping speed, Million of reads per hour |	225.20

                          Number of input reads |	23458087
                      Average input read length |	198
                                    UNIQUE READS:
                   Uniquely mapped reads number |	11932310
                        Uniquely mapped reads % |	50.87%
                          Average mapped length |	197.83
                       Number of splices: Total |	3149524
            Number of splices: Annotated (sjdb) |	3100329
                       Number of splices: GT/AG |	3113696
                       Number of splices: GC/AG |	21588
                       Number of splices: AT/AC |	2561
               Number of splices: Non-canonical |	11679
                      Mismatch rate per base, % |	0.16%
                         Deletion rate per base |	0.02%
                        Deletion average length |	1.38
                        Insertion rate per base |	0.01%
                       Insertion average length |	1.34
                             MULTI-MAPPING READS:
        Number of reads mapped to multiple loci |	11255940
             % of reads mapped to multiple loci |	47.98%
        Number of reads mapped to too many loci |	51098
             % of reads mapped to too many loci |	0.22%
                                  UNMAPPED READS:
  Number of reads unmapped: too many mismatches |	0
       % of reads unmapped: too many mismatches |	0.00%
            Number of reads unmapped: too short |	203334
                 % of reads unmapped: too short |	0.87%
                Number of reads unmapped: other |	15405
                     % of reads unmapped: other |	0.07%
                                  CHIMERIC READS:
                       Number of chimeric reads |	0
                            % of chimeric reads |	0.00%
