                                 Started job on |	Feb 16 18:28:22
                             Started mapping on |	Feb 16 18:29:21
                                    Finished on |	Feb 16 18:33:34
       Mapping speed, Million of reads per hour |	311.27

                          Number of input reads |	21875355
                      Average input read length |	198
                                    UNIQUE READS:
                   Uniquely mapped reads number |	19817703
                        Uniquely mapped reads % |	90.59%
                          Average mapped length |	198.70
                       Number of splices: Total |	5326749
            Number of splices: Annotated (sjdb) |	5243390
                       Number of splices: GT/AG |	5266602
                       Number of splices: GC/AG |	37851
                       Number of splices: AT/AC |	4645
               Number of splices: Non-canonical |	17651
                      Mismatch rate per base, % |	0.20%
                         Deletion rate per base |	0.01%
                        Deletion average length |	1.72
                        Insertion rate per base |	0.01%
                       Insertion average length |	1.40
                             MULTI-MAPPING READS:
        Number of reads mapped to multiple loci |	1856933
             % of reads mapped to multiple loci |	8.49%
        Number of reads mapped to too many loci |	22084
             % of reads mapped to too many loci |	0.10%
                                  UNMAPPED READS:
  Number of reads unmapped: too many mismatches |	0
       % of reads unmapped: too many mismatches |	0.00%
            Number of reads unmapped: too short |	155364
                 % of reads unmapped: too short |	0.71%
                Number of reads unmapped: other |	23271
                     % of reads unmapped: other |	0.11%
                                  CHIMERIC READS:
                       Number of chimeric reads |	0
                            % of chimeric reads |	0.00%
