                                 Started job on |	Feb 16 17:48:30
                             Started mapping on |	Feb 16 17:49:27
                                    Finished on |	Feb 16 17:53:44
       Mapping speed, Million of reads per hour |	318.14

                          Number of input reads |	22711642
                      Average input read length |	199
                                    UNIQUE READS:
                   Uniquely mapped reads number |	21208169
                        Uniquely mapped reads % |	93.38%
                          Average mapped length |	198.89
                       Number of splices: Total |	4530492
            Number of splices: Annotated (sjdb) |	4450162
                       Number of splices: GT/AG |	4473952
                       Number of splices: GC/AG |	34470
                       Number of splices: AT/AC |	3837
               Number of splices: Non-canonical |	18233
                      Mismatch rate per base, % |	0.18%
                         Deletion rate per base |	0.01%
                        Deletion average length |	1.77
                        Insertion rate per base |	0.01%
                       Insertion average length |	1.47
                             MULTI-MAPPING READS:
        Number of reads mapped to multiple loci |	1241751
             % of reads mapped to multiple loci |	5.47%
        Number of reads mapped to too many loci |	27812
             % of reads mapped to too many loci |	0.12%
                                  UNMAPPED READS:
  Number of reads unmapped: too many mismatches |	0
       % of reads unmapped: too many mismatches |	0.00%
            Number of reads unmapped: too short |	195121
                 % of reads unmapped: too short |	0.86%
                Number of reads unmapped: other |	38789
                     % of reads unmapped: other |	0.17%
                                  CHIMERIC READS:
                       Number of chimeric reads |	0
                            % of chimeric reads |	0.00%
