                                 Started job on |	Feb 16 17:32:46
                             Started mapping on |	Feb 16 17:33:33
                                    Finished on |	Feb 16 17:38:11
       Mapping speed, Million of reads per hour |	363.21

                          Number of input reads |	28047582
                      Average input read length |	199
                                    UNIQUE READS:
                   Uniquely mapped reads number |	25026105
                        Uniquely mapped reads % |	89.23%
                          Average mapped length |	198.80
                       Number of splices: Total |	6576653
            Number of splices: Annotated (sjdb) |	6483846
                       Number of splices: GT/AG |	6511199
                       Number of splices: GC/AG |	46343
                       Number of splices: AT/AC |	5330
               Number of splices: Non-canonical |	13781
                      Mismatch rate per base, % |	0.13%
                         Deletion rate per base |	0.01%
                        Deletion average length |	1.73
                        Insertion rate per base |	0.01%
                       Insertion average length |	1.40
                             MULTI-MAPPING READS:
        Number of reads mapped to multiple loci |	2836596
             % of reads mapped to multiple loci |	10.11%
        Number of reads mapped to too many loci |	27947
             % of reads mapped to too many loci |	0.10%
                                  UNMAPPED READS:
  Number of reads unmapped: too many mismatches |	0
       % of reads unmapped: too many mismatches |	0.00%
            Number of reads unmapped: too short |	137268
                 % of reads unmapped: too short |	0.49%
                Number of reads unmapped: other |	19666
                     % of reads unmapped: other |	0.07%
                                  CHIMERIC READS:
                       Number of chimeric reads |	0
                            % of chimeric reads |	0.00%
