                                 Started job on |	Feb 16 17:32:58
                             Started mapping on |	Feb 16 17:34:16
                                    Finished on |	Feb 16 17:36:25
       Mapping speed, Million of reads per hour |	370.17

                          Number of input reads |	13264339
                      Average input read length |	199
                                    UNIQUE READS:
                   Uniquely mapped reads number |	12444242
                        Uniquely mapped reads % |	93.82%
                          Average mapped length |	198.89
                       Number of splices: Total |	2973978
            Number of splices: Annotated (sjdb) |	2928117
                       Number of splices: GT/AG |	2942189
                       Number of splices: GC/AG |	21937
                       Number of splices: AT/AC |	2393
               Number of splices: Non-canonical |	7459
                      Mismatch rate per base, % |	0.20%
                         Deletion rate per base |	0.01%
                        Deletion average length |	1.76
                        Insertion rate per base |	0.01%
                       Insertion average length |	1.42
                             MULTI-MAPPING READS:
        Number of reads mapped to multiple loci |	716664
             % of reads mapped to multiple loci |	5.40%
        Number of reads mapped to too many loci |	12558
             % of reads mapped to too many loci |	0.09%
                                  UNMAPPED READS:
  Number of reads unmapped: too many mismatches |	0
       % of reads unmapped: too many mismatches |	0.00%
            Number of reads unmapped: too short |	77861
                 % of reads unmapped: too short |	0.59%
                Number of reads unmapped: other |	13014
                     % of reads unmapped: other |	0.10%
                                  CHIMERIC READS:
                       Number of chimeric reads |	0
                            % of chimeric reads |	0.00%
