                                 Started job on |	Feb 16 18:15:41
                             Started mapping on |	Feb 16 18:17:39
                                    Finished on |	Feb 16 18:26:00
       Mapping speed, Million of reads per hour |	130.73

                          Number of input reads |	18193634
                      Average input read length |	198
                                    UNIQUE READS:
                   Uniquely mapped reads number |	15720671
                        Uniquely mapped reads % |	86.41%
                          Average mapped length |	197.86
                       Number of splices: Total |	3709426
            Number of splices: Annotated (sjdb) |	3594436
                       Number of splices: GT/AG |	3628267
                       Number of splices: GC/AG |	24129
                       Number of splices: AT/AC |	2706
               Number of splices: Non-canonical |	54324
                      Mismatch rate per base, % |	0.25%
                         Deletion rate per base |	0.01%
                        Deletion average length |	1.90
                        Insertion rate per base |	0.01%
                       Insertion average length |	1.54
                             MULTI-MAPPING READS:
        Number of reads mapped to multiple loci |	1516235
             % of reads mapped to multiple loci |	8.33%
        Number of reads mapped to too many loci |	74218
             % of reads mapped to too many loci |	0.41%
                                  UNMAPPED READS:
  Number of reads unmapped: too many mismatches |	0
       % of reads unmapped: too many mismatches |	0.00%
            Number of reads unmapped: too short |	768243
                 % of reads unmapped: too short |	4.22%
                Number of reads unmapped: other |	114267
                     % of reads unmapped: other |	0.63%
                                  CHIMERIC READS:
                       Number of chimeric reads |	0
                            % of chimeric reads |	0.00%
