Building DAG of jobs...
Your conda installation is not configured to use strict channel priorities. This is however crucial for having robust and correct environments (for details, see https://conda-forge.org/docs/user/tipsandtricks.html). Please consider to configure strict priorities by executing 'conda config --set channel_priority strict'.
Using shell: /usr/bin/bash
Provided cores: 4
Rules claiming more threads will be scaled down.
Provided resources: mem_mb=4096, mem_mib=3907, disk_mb=6618, disk_mib=6312
Select jobs to execute...

[Thu Feb  8 15:34:29 2024]
rule fastp:
    input: data/fastq/raw/SRR15881875_1.fastq.gz, data/fastq/raw/SRR15881875_2.fastq.gz
    output: data/fastq/trimmed/SRR15881875_1.fastq.gz, data/fastq/trimmed/SRR15881875_2.fastq.gz, output/fastp/SRR15881875_fastp.html, output/fastp/SRR15881875_fastp.json
    log: workflow/logs/fastp/SRR15881875.log
    jobid: 0
    reason: Forced execution
    wildcards: accession=SRR15881875
    threads: 4
    resources: mem_mb=4096, mem_mib=3907, disk_mb=6618, disk_mib=6312, tmpdir=/mnt/tmp_local/lls_1903964, runtime=120


        fastp             --thread 4             --n_base_limit 1             --average_qual 30             --cut_front             --cut_mean_quality 30             --length_required 50             --overrepresentation_analysis             -i data/fastq/raw/SRR15881875_1.fastq.gz             -I data/fastq/raw/SRR15881875_2.fastq.gz             -o data/fastq/trimmed/SRR15881875_1.fastq.gz             -O data/fastq/trimmed/SRR15881875_2.fastq.gz             -h output/fastp/SRR15881875_fastp.html             -j output/fastp/SRR15881875_fastp.json &> workflow/logs/fastp/SRR15881875.log
        
Activating conda environment: ../../envs/1fad0e7e02c206763c147f4a9de2ddc8_
[Thu Feb  8 15:36:29 2024]
Finished job 0.
1 of 1 steps (100%) done
